#"Step","Potential Energy (kJ/mole)","Kinetic Energy (kJ/mole)","Total Energy (kJ/mole)","Temperature (K)","Box Volume (nm^3)","Speed (ns/day)"
3333,-915527.5631693695,180060.84431768884,-735466.7188516806,298.323428365764,696.9910149833128,0
6666,-914414.7501426823,179337.9405610846,-735076.8095815978,297.12572695618843,699.124473753669,101
9999,-915533.2508716881,179817.17819298862,-735716.0726786995,297.9197241958063,696.9996681120407,100
13332,-916233.4719006456,180056.9813641147,-736176.490536531,298.3170282538562,698.6396334717817,102
16665,-913861.5975203533,179167.93605606898,-734693.6614642843,296.8440647937896,697.1251674844176,102
19998,-915061.0840707785,180229.07761511987,-734832.0064556586,298.6021560049967,698.7635572789146,101
23331,-913983.6955733718,179714.28748726824,-734269.4080861036,297.7492556622737,699.2019831794464,101
26664,-914678.1495470945,179440.8518066115,-735237.297740483,297.29622951991524,699.7679968976169,101
29997,-915153.6091959868,179110.41537102993,-736043.1938249569,296.7487649631805,698.7949524107793,100
33330,-915262.2637821399,180058.57158501312,-735203.6921971268,298.31966291966637,698.8431816892144,100
36663,-915346.1773631731,179013.68039253599,-736332.4969706371,296.58849519139005,697.8095015312651,99.5
39996,-917567.9025152102,180765.7500003194,-736802.1525148908,299.4913107041687,697.5694009531736,99.3
43329,-916816.3046083739,179142.84580708362,-737673.4588012903,296.8024954613552,695.6405705228764,99.4
46662,-916479.4202946043,180793.73845656577,-735685.6818380385,299.5376817642052,696.0398739664982,99.2
49995,-915192.7000797996,179721.33072145307,-735471.3693583466,297.7609248387499,697.5280036692048,99.1
53328,-914509.825559644,179766.397645658,-734743.427913986,297.83559137375175,698.171924144469,99
56661,-913915.8561871396,180376.50244749442,-733539.3537396452,298.846408338628,697.8890322226819,99
59994,-915725.2254173178,180257.213717488,-735468.0116998298,298.6487716839973,698.3950056919759,98.9
63327,-913142.2014320642,180160.42164511472,-732981.7797869495,298.4884073195047,697.0759944111313,99
66660,-916159.635958977,181061.75176674454,-735097.8841922325,299.981724164668,695.560144008124,98.9
69993,-915421.2290974641,180425.35872295953,-734995.8703745046,298.92735304178746,697.7674952910535,98.9
73326,-913036.2520859772,181228.43796227995,-731807.8141236973,300.2578885773242,700.0687856759134,98.9
76659,-915671.5522729969,178252.00113892969,-737419.5511340671,295.32655083523673,696.6801467553059,98.8
79992,-914289.9978975747,180228.48546795466,-734061.51242962,298.60117494010666,699.7542274149184,98.8
83325,-915503.7896042829,179203.3504810203,-736300.4391232627,296.90273914192517,698.4906609822951,98.7
86658,-915171.3837521579,179451.6059667482,-735719.7777854097,297.31404693009864,699.0359383028539,98.6
89991,-916328.5712747043,180276.46083670453,-736052.1104379997,298.68066016376434,697.8938940267099,98.6
93324,-915004.7101918003,179350.88063975223,-735653.829552048,297.14716597945903,699.6195307430622,98.6
96657,-915989.6349245645,180381.44292718198,-735608.1919973826,298.8545936875513,697.8154100701504,98.5
99990,-915416.0332236076,179787.50399276498,-735628.5292308426,297.8705602080538,698.8404669485399,98.4
103323,-916912.9633130552,179151.7109916777,-737761.2523213775,296.8171832313211,695.4111474189463,98.4
106656,-915561.6050539464,180541.4273149284,-735020.177739018,299.11965459637,697.0893846574594,98.3
109989,-914984.7523904443,179540.44020658778,-735444.3121838565,297.46122681857264,697.1731270817106,98.3
113322,-914454.6407935722,179735.50842556194,-734719.1323680102,297.7844143503766,696.6678626092987,98.4
116655,-913870.594024728,179692.6855354842,-734177.9084892438,297.7134657139369,698.901800336935,98.2
119988,-916019.3116694205,179284.0231523457,-736735.2885170748,297.03639700616776,696.2627706913713,98.2
123321,-914915.6766769504,180094.62467533245,-734821.052001618,298.37939540369416,698.9600922319775,98.2
126654,-914558.4401706308,179263.3372468988,-735295.102923732,297.0021247563893,698.3301980869973,98.2
129987,-913529.8939907262,179441.4570578724,-734088.4369328538,297.29723229557067,696.8756346893016,98.2
133320,-914667.6114903195,180021.2649078986,-734646.3465824209,298.25785350263345,697.0537579327901,98.1
136653,-915054.7902189838,179568.5193928901,-735486.2708260936,297.5077481994712,699.1188731518735,98.1
139986,-915874.2122578416,180359.78483852313,-735514.4274193185,298.8187107320701,698.3619779218086,98.1
143319,-915040.0840863287,179762.635237369,-735277.4488489598,297.8293578445026,698.1707357906887,98.1
146652,-916655.1634878702,180886.92798578908,-735768.2355020812,299.6920774627872,695.7984920826242,98.1
149985,-916003.8292028671,180451.0711919726,-735552.7580108945,298.9699532636002,698.5548911893547,98.1
153318,-914601.1894214004,179758.31204209887,-734842.8773793016,297.8221952076763,698.8535653657254,98.1
156651,-914042.5596176796,180264.90319514944,-733777.6564225301,298.66151155171815,697.7562864438408,98
159984,-914557.2168721305,179731.089710403,-734826.1271617275,297.77709345692983,697.9432509303833,98
163317,-915706.6464462094,180075.69734891003,-735630.9490972994,298.3480367541803,696.3896509449929,98
166650,-915586.9858863261,179963.6814996166,-735623.3043867095,298.1624497526356,697.21016527574,98
169983,-916246.498786781,179802.50002725277,-736443.9987595282,297.8954055231874,696.999957708809,98
173316,-914548.9461623821,179916.58643010596,-734632.3597322762,298.08442300201824,699.3067519771474,98
176649,-916664.2776737865,178319.74664086476,-738344.5310329217,295.43879106420053,697.0306719956993,97.9
179982,-915709.3586533433,180334.75387488952,-735374.6047784537,298.77723962315264,698.7950281734574,97.9
183315,-917622.200493549,178607.28606234322,-739014.9144312057,295.91518417637775,696.7636681644992,97.9
186648,-915292.7024953412,180134.6912772755,-735158.0112180656,298.44577744305377,697.9452533030725,97.9
189981,-917205.2525823927,179980.53315265465,-737224.719429738,298.1903694423771,696.340273177341,97.9
193314,-915030.9202750856,180317.13764742884,-734713.7826276568,298.7480531923611,697.0108632740524,97.9
196647,-916020.1938728038,180180.48110902298,-735839.7127637808,298.52164168573773,695.7250823143318,97.8
199980,-916163.2728186985,179741.30484179323,-736421.9679769053,297.7940178084128,696.4761328688633,97.9
203313,-915901.297494458,180068.25906416628,-735833.0384302917,298.33571306096246,697.2363499643999,97.9
206646,-915539.8675807081,180365.12368978828,-735174.7438909198,298.8275560999733,697.0181829097875,97.8
209979,-914452.418923093,180723.78381861764,-733728.6351044753,299.4217814556076,697.080510971473,97.8
213312,-915558.923810143,178974.37636203866,-736584.5474481044,296.52337657456366,696.1779335103025,97.8
216645,-914563.6295776907,180710.65033675998,-733852.9792409308,299.40002200341235,699.2112082156048,97.8
219978,-915553.9883527439,180298.97079964838,-735255.0175530955,298.71795449803915,697.6270275519993,97.8
223311,-913377.7156907273,180030.11576115584,-733347.5999295715,298.27251752855017,698.2220823310438,97.8
226644,-913639.963234758,180308.41044851777,-733331.5527862402,298.7335940360184,698.9549857327951,97.8
229977,-915101.9762779921,179605.103656973,-735496.8726210191,297.568360728124,699.0230113693783,97.8
233310,-913880.0134748071,179731.54069409904,-734148.4727807081,297.77784064326477,700.9792000905153,97.8
236643,-914585.3440809362,180356.32237069515,-734229.021710241,298.8129741418805,698.7621598102488,97.7
239976,-913976.5454419861,179519.76157438086,-734456.7838676053,297.4269666190425,699.2229692611668,97.7
243309,-914856.5550428554,178616.6777232993,-736239.8773195562,295.93074420834967,697.8613414468654,97.7
246642,-915901.1174526522,180105.67181318492,-735795.4456394673,298.3976982171141,696.8446079388483,97.7
249975,-916328.7060989765,179172.91456974315,-737155.7915292333,296.8523131571307,697.4576173951714,97.7
253308,-914852.5827744072,180476.77216803806,-734375.8106063692,299.0125344439854,698.6939425264305,97.7
256641,-915428.0208758106,179886.82717949146,-735541.1936963191,298.03511810342934,697.76167947545,97.7
259974,-915475.3350184271,180296.6064246874,-735178.7285937397,298.71403721970484,695.2215348014045,97.7
263307,-914759.634458241,180172.52498892008,-734587.109469321,298.50846004686133,695.2838049170322,97.6
266640,-915881.1380995875,180359.70909502858,-735521.429004559,298.8185852408282,698.2328978545866,97.6
269973,-916196.6498702932,179288.58659272158,-736908.0632775717,297.043957679246,695.0398781532946,97.7
273306,-917319.9081848608,181190.22868197202,-736129.6795028888,300.19458373423055,697.6033959460159,97.6
276639,-915353.6936495388,180947.21806745464,-734406.4755820842,299.79196560852523,695.6559231537237,97.6
279972,-916049.9717344809,179539.37400149443,-736510.5977329866,297.4594603381366,698.3955192938118,97.6
283305,-916465.9232186433,179298.34193073877,-737167.5812879045,297.0601202485885,697.2188752729983,97.6
286638,-915656.4419684634,180216.57448363942,-735439.8674848239,298.5814409124806,699.3073383817589,97.6
289971,-914228.6343818232,179071.5830456699,-735157.0513361534,296.6844278638144,697.8154856343816,97.6
293304,-916059.2505501388,181120.81514107925,-734938.4354090595,300.0795799110917,696.8261292243825,97.6
296637,-915163.6989105325,179566.15095836014,-735597.5479521723,297.50382419527415,698.0153989156667,97.6
299970,-916080.4092365261,179471.98953024304,-736608.4197062831,297.34781826204556,698.4042352621766,97.6
303303,-914843.3572813245,180345.42086123058,-734497.9364200939,298.7949126044587,697.8192587695878,97.6
306636,-916084.4540402358,178652.1108859314,-737432.3431543044,295.98944960093127,697.3536062461397,97.6
309969,-916834.7664255267,180096.33312998002,-736738.4332955467,298.3822259582748,696.3383539881241,97.6
313302,-916529.7778189108,180071.53316369146,-736458.2446552194,298.3411375639901,697.2390847929231,97.6
316635,-917118.2187693762,179344.9259868759,-737773.2927825003,297.1373003561609,697.9429866863949,97.6
319968,-914690.8894562013,179545.3459479168,-735145.5435082845,297.46935461324944,696.6333576043513,97.6
323301,-915387.0987174166,178697.77264268842,-736689.3260747283,296.06510164995154,697.6812501353359,97.5
326634,-916480.1896149376,180152.27049342263,-736327.919121515,298.4749025537844,697.5990227250437,97.5
329967,-915816.1142649474,179542.42789696157,-736273.6863679858,297.46452000876667,696.8450505189061,97.6
333300,-917380.0961704431,179737.18127131817,-737642.914899125,297.7871859084186,698.2387425486227,97.5
336633,-913616.3319157362,180198.36718663474,-733417.9647291014,298.5512752021937,698.0316974376876,97.6
339966,-917376.4644161239,180255.61436288874,-737120.8500532352,298.64612188554156,696.8311458273358,97.6
343299,-914599.5562195005,180484.10455057258,-734115.4516689279,299.0246826792337,698.1049414713841,97.5
346632,-916144.9247994544,180645.7555995806,-735499.1691998738,299.2925048996711,698.8206984126815,97.5
349965,-914775.8143628063,180672.5475941084,-734103.2667686979,299.33689367109207,697.2340053432537,97.5
353298,-916108.9576675724,180406.81507916472,-735702.1425884077,298.89663007471364,696.9709450546395,97.5
356631,-916565.2549807997,178932.8360229751,-737632.4189578246,296.45455285882537,696.4092668631985,97.5
359964,-913411.1307508452,179889.6335448341,-733521.4972060111,298.0397676680442,696.2531955941121,97.5
363297,-917051.7409095298,178776.1629888764,-738275.5779206534,296.1949781753794,699.4753140298913,97.5
366630,-915020.2934445301,180919.89227404096,-734100.4011704891,299.74669244319676,697.723738529219,97.5
369963,-914011.9214620963,179316.10483841586,-734695.8166236804,297.0895496980396,699.3102056492903,97.5
373296,-913098.2012517983,179721.62891120784,-733376.5723405904,297.7614188772527,696.6941661626108,97.5
376629,-914357.2930200435,180418.1608537772,-733939.1321662663,298.9154276672312,696.8896549509446,97.5
379962,-915516.9245926226,179238.00195878907,-736278.9226338335,296.9601494450096,697.6011129422217,97.5
383295,-915800.3773165196,180391.76317436027,-735408.6141421593,298.8716921940671,698.6179449545878,97.5
386628,-915595.0284812395,181250.20921438278,-734344.8192668566,300.29395902113305,697.7954237154302,97.5
389961,-916753.3538294872,179961.5586754514,-736791.7951540358,298.15893267381057,697.9938183577094,97.5
393294,-914826.092084527,179658.65318834697,-735167.43889618,297.6570811817429,698.0302807952233,97.5
396627,-914688.8871402936,180102.8247193113,-734586.0624209823,298.39298117378087,697.9543559782155,97.5
399960,-915216.9597395947,179550.9535509663,-735666.0061886284,297.4786452470515,697.1790543445393,97.5
403293,-917193.9645446818,180405.97830361297,-736787.9862410689,298.8952437113856,698.2919435966755,97.5
406626,-917292.6202049609,180344.755404388,-736947.8648005729,298.79381008065656,696.5666574787533,97.5
409959,-914993.2309741182,180417.04568240978,-734576.1852917084,298.91358005984716,697.802037660632,97.5
413292,-914982.5815796182,179778.70562804583,-735203.8759515723,297.8559831447452,696.8148799004556,97.5
416625,-914831.8989240145,179633.7534764323,-735198.1454475822,297.6158275296685,697.7090571320593,97.5
419958,-915353.1678650891,180067.80522733764,-735285.3626377515,298.33496114757924,699.3456663576707,97.5
423291,-915227.6317513036,179478.1241245968,-735749.5076267067,297.35798201100596,699.4206434924299,97.5
426624,-916226.9324513627,180959.068386005,-735267.8640653577,299.8115991255765,698.4009976943528,97.5
429957,-916213.2178332433,179082.123317444,-737131.0945157993,296.7018909053961,696.449086800267,97.5
433290,-914313.3339328608,180509.21201100526,-733804.1219218555,299.06628052746225,697.2660353860456,97.5
436623,-916053.1285232687,180188.57587610732,-735864.5526471614,298.53505303387163,697.0166628951109,97.5
439956,-915289.1169517459,180117.39422044955,-735171.7227312964,298.4171198117264,696.77526457535,97.5
443289,-913569.3365802318,179994.7113588785,-733574.6252213533,298.2138597859041,699.4269615377758,97.5
446622,-914884.3540599793,179095.89832260285,-735788.4557373765,296.72471322848537,698.0634421631344,97.5
449955,-916079.751966713,179721.7508654761,-736358.0011012369,297.76162093015074,698.91465744942,97.5
453288,-915254.0375501234,180544.1573302418,-734709.8802198817,299.12417766484094,697.2724829987862,97.5
456621,-917366.7439139709,178521.7131502647,-738845.0307637062,295.77340763077035,696.0643069167849,97.5
459954,-914092.0843545804,180944.62478778214,-733147.4595667983,299.78766908261736,696.7103894987988,97.5
463287,-916308.741461751,179550.04407853232,-736758.6973832187,297.4771384400855,699.4752367796964,97.5
466620,-914905.5264384719,180220.90700832428,-734684.6194301476,298.5886190062098,696.7878291296339,97.6
469953,-915569.6512798816,180355.64723988937,-735214.0040399922,298.8118555903301,698.4053449118761,97.6
473286,-915892.4859426944,179457.57601873082,-736434.9099239635,297.3239380665182,695.511734739621,97.6
476619,-914838.2980529023,178818.26618923026,-736020.0318636721,296.2647344353943,698.7685856029358,97.6
479952,-915669.1866299501,179242.3155205389,-736426.8711094111,296.96729612109317,698.0171096854228,97.6
483285,-916146.7175432304,179570.13747826708,-736576.5800649633,297.51042903093617,696.0679600445899,97.6
486618,-915950.5808746582,181639.19453759678,-734311.3863370614,300.93842692666186,698.659315024238,97.6
489951,-915256.8502977109,178682.75256900105,-736574.0977287098,296.0402165068562,698.4124550719844,97.6
493284,-914756.4464455694,180570.00405947375,-734186.4423860956,299.1670003279565,697.9809173671467,97.6
496617,-914804.5335542997,180017.23761222212,-734787.2959420776,298.2511811099885,697.4816164248172,97.6
499950,-917582.0960522275,178897.44634621555,-738684.649706012,296.39591951330453,696.2926582132621,97.6
503283,-916903.8076135721,180655.7963081823,-736248.0113053898,299.3091402688133,695.2598724937155,97.6
506616,-915697.8556092205,180333.6683869788,-735364.1872222417,298.7754411950923,699.3893343307175,97.6
509949,-916838.9858760545,179676.19741551875,-737162.7884605357,297.686148323007,697.4534759046302,97.6
513282,-915721.4277622169,181317.96574978065,-734403.4620124362,300.4062175302535,696.9403774571934,97.6
516615,-915310.8829876939,180023.42911158386,-735287.45387611,298.26143913873057,697.3982490585821,97.6
519948,-914283.5473271245,180750.3874920401,-733533.1598350843,299.465858218063,698.5244593885669,97.6
523281,-917389.5171142649,180819.95175867795,-736569.5653555869,299.58111176246234,697.5534573130462,97.6
526614,-916090.6303955046,180208.66904515866,-735881.961350346,298.56834324252776,699.5607291958145,97.6
529947,-913812.6770024588,178708.18297032942,-735104.4940321294,296.0823494010884,699.3094309752713,97.6
533280,-916994.4290926792,179285.49600628903,-737708.9330863901,297.03883721930526,696.177201488378,97.6
536613,-915937.3846651856,179480.13132176752,-736457.253343418,297.3613075199118,697.7110417427841,97.6
539946,-916773.1970011564,179805.7222299712,-736967.4747711852,297.9007440439829,697.5979950050706,97.5
543279,-915854.8568383856,178908.39245907345,-736946.4643793121,296.4140549492868,698.5859172982209,97.6
546612,-915233.902735264,178605.57086828977,-736628.3318669742,295.91234245600106,698.8237792088868,97.5
549945,-912892.4559487123,180019.59820176513,-732872.8577469472,298.25509211667134,699.0607808512518,97.5
553278,-915234.8834806373,180158.52787672798,-735076.3556039094,298.4852697385397,696.1142409173312,97.5
556611,-915853.5299310079,180386.8565603036,-735466.6733707043,298.8635629534618,699.0504438924959,97.5
559944,-914787.9017942157,180070.70346581173,-734717.198328404,298.33976292689493,696.7357272690078,97.5
563277,-915306.4653619556,180127.00045164337,-735179.4649103122,298.4330353420255,698.3964079965599,97.5
566610,-915888.7717717206,179805.64480517746,-736083.1269665431,297.9006157671774,697.0662221302662,97.5
569943,-916036.8438260155,180823.78078568273,-735213.0630403328,299.5874556650898,696.9520345259389,97.5
573276,-915536.7669795342,179565.98058840085,-735970.7863911333,297.5035419276299,696.6850446079828,97.5
576609,-915310.2339405585,180472.14538543235,-734838.0885551262,299.0048688259857,697.5580725433965,97.6
579942,-914799.3476399472,181013.20873029518,-733786.138909652,299.90129843351184,697.5074768750383,97.5
583275,-915551.889429492,179673.34971124597,-735878.539718246,297.6814302683691,697.6407931498297,97.5
586608,-916480.5740753785,180467.63817531726,-736012.9359000612,298.997401314773,696.5383759114469,97.5
589941,-916436.9664692227,181494.08944202893,-734942.8770271938,300.6980179152125,697.0391742562886,97.5
593274,-916277.3903195672,179512.94986045506,-736764.4404591122,297.415681023559,698.9302510763781,97.5
596607,-915806.1391169401,179316.4164453046,-736489.7226716354,297.0900659659473,696.9804661798604,97.5
599940,-917136.4346861271,180918.82957311335,-736217.6051130138,299.74493176843566,696.8699840978908,97.5
603273,-917172.6071824376,180264.37027647602,-736908.2369059615,298.66062861613995,694.2869231325641,97.5
606606,-916275.8155091833,179640.66940542439,-736635.146103759,297.627285787876,696.1236584037754,97.5
609939,-917962.6861475464,179811.78073906802,-738150.9054084783,297.91078173547214,696.072309325637,97.5
613272,-916335.3003633898,179705.47165728197,-736629.8287061078,297.7346496626442,696.4029738887741,97.5
616605,-915717.9510360546,179042.553363654,-736675.3976724006,296.6363317088943,694.446302467398,97.5
619938,-917241.786426642,178947.04177620012,-738294.7446504419,296.478088842013,697.0294561055535,97.5
623271,-916819.5381321656,179135.6481671944,-737683.8899649712,296.79057046669,699.1541033920058,97.5
626604,-917274.388160523,178655.13504973135,-738619.2531107917,295.99446001236277,697.7453532043188,97.5
629937,-914616.4439178687,179960.960284749,-734655.4836331196,298.1579412646759,697.8768153960627,97.5
633270,-918062.3979470618,180487.6907160779,-737574.7072309839,299.0306242107881,695.8006432957495,97.5
636603,-916054.2455363274,180605.30654697886,-735448.9389893485,299.2254892189881,695.5795689711439,97.5
639936,-916964.3306458313,179050.03663870064,-737914.2940071307,296.6487299417015,697.3707637372991,97.5
643269,-915877.0588762751,180343.64244420652,-735533.4164320686,298.7919661367484,696.5058064130432,97.5
646602,-916665.2226561764,178995.98784049394,-737669.2348156825,296.55918230661644,696.6911956826365,97.5
649935,-917398.408614493,179573.9160786413,-737824.4925358517,297.51668938710816,696.1800392400903,97.5
653268,-915749.7285729665,180578.96378095116,-735170.7647920153,299.1818447259069,697.0374928425961,97.5
656601,-916518.5735172005,180469.11840970314,-736049.4551074974,298.99985375577126,696.6771986226356,97.5
659934,-917678.3613954717,179573.9325430596,-738104.4288524122,297.5167166652304,695.7710981821039,97.5
663267,-916792.4447392579,179861.15094203793,-736931.29379722,297.9925779097871,697.8070823650364,97.5
666600,-914541.18743187,178893.6736859097,-735647.5137459603,296.3896689985923,695.4838680890098,97.5
669933,-915350.1497872248,180617.15945429675,-734732.990332928,299.2451270250896,696.0773464318253,97.5
673266,-915456.0864420235,179451.41542190406,-736004.6710201195,297.3137312368596,698.3098037360475,97.5
676599,-917513.5899972077,179394.46848201903,-738119.1215151887,297.2193819828293,695.947119703463,97.5
679932,-913504.7445381256,179562.5228470121,-733942.2216911134,297.4978131681686,698.2529099453747,97.5
683265,-916570.7124373931,181073.57217510545,-735497.1402622877,300.0013081267464,695.6879166071985,97.5
686598,-914297.6298108445,179283.72932944947,-735013.9004813951,297.0359102026427,698.4780777259548,97.5
689931,-916100.7170572355,178824.7059367593,-737276.0111204763,296.27540375979936,697.5256419108714,97.5
693264,-915594.5211554496,179623.9999643045,-735970.5211911451,297.5996679854456,700.4166046584676,97.5
696597,-915824.289881967,179231.15591140033,-736593.1339705667,296.94880696610755,694.5029993183191,97.5
699930,-915750.8588802824,179357.02708215904,-736393.8317981233,297.15734935818307,697.8538449314899,97.5
703263,-916751.8205462033,181048.61419190525,-735703.206354298,299.9599579312522,697.7895675324186,97.5
706596,-916086.2301195255,181444.3131779618,-734641.9169415636,300.61554898198045,695.3051380167121,97.5
709929,-915534.6754731666,180048.9443771838,-735485.7310959828,298.3037126354382,698.7856990536993,97.5
713262,-914434.1373767974,180820.90526663364,-733613.2321101638,299.5826915271435,696.8418416890826,97.5
716595,-913609.6462622248,179973.05355236618,-733636.5927098586,298.1779772978811,696.7711959531617,97.5
719928,-918011.5404572925,179615.51118539204,-738396.0292719004,297.58560384153134,695.6771204525492,97.5
723261,-915628.4158803634,179312.25771542796,-736316.1581649354,297.08317581412587,695.7635568913992,97.5
726594,-917668.1985129863,180574.45380504653,-737093.7447079398,299.17437263235536,696.4170971282498,97.5
729927,-917214.6577558275,178361.91005297576,-738852.7477028518,295.5086470825937,696.3534200596448,97.5
733260,-918403.4906478906,178713.83732670802,-739689.6533211826,296.0917174954481,696.6540061810342,97.5
736593,-914235.3188480139,180477.72412492754,-733757.5947230863,299.01411163887195,698.8354925318386,97.5
739926,-915428.3168790899,179613.05422730523,-735815.2626517847,297.5815331721829,697.9293224637049,97.5
743259,-915436.0530442977,180196.8410717661,-735239.2119725316,298.5487467467629,695.9868598483382,97.5
746592,-914814.2135814037,179792.6095430128,-735021.6040383909,297.8790190446177,698.5710232965122,97.5
749925,-917942.2667210158,179643.55226550164,-738298.7144555142,297.63206208838153,697.8318675526201,97.5
753258,-913806.8623105995,180706.9433469354,-733099.9189636641,299.3938802910508,698.9690832892073,97.5
756591,-915270.8305335725,180354.52706905646,-734916.3034645161,298.8099996998699,697.9274207791377,97.5
759924,-917080.2717813393,180152.52787776617,-736927.7439035731,298.47532898619426,699.1214497733878,97.5
763257,-915350.3224515514,180311.35280152934,-735038.9696500221,298.7384689039621,697.8937301412255,97.5
766590,-916064.37519095,180128.58248114353,-735935.7927098065,298.4356564363897,696.6700277793924,97.5
769923,-916396.0024955589,179388.924225906,-737007.0782696529,297.2101963017467,696.8605689036948,97.5
773256,-914971.2465043496,180039.93678738904,-734931.3097169606,298.2887889296261,698.008768848231,97.5
776589,-915772.7983733425,181171.30534298508,-734601.4930303574,300.1632316910692,697.514330118605,97.5
779922,-917800.0732643399,179435.78307866058,-738364.2901856793,297.28783169025104,698.1722440389162,97.5
783255,-915625.0675495006,180962.17796853173,-734662.8895809689,299.8167510581006,696.400590807326,97.5
786588,-916629.3680724921,179709.4371032624,-736919.9309692297,297.74121958318614,698.3053937146844,97.5
789921,-915210.1401697313,180262.73105670398,-734947.4091130274,298.6579127693711,697.4667872189923,97.5
793254,-915932.3871218767,180092.68167895498,-735839.7054429217,298.3761762621711,697.3629108676404,97.5
796587,-916098.8693882935,178077.74747157493,-738021.1219167185,295.03784869320486,698.6539399606055,97.5
799920,-916719.4771077344,180059.09800039348,-736660.3791073409,298.3205350806384,698.3947699497079,97.5
803253,-915899.4259466231,180167.75995463232,-735731.6659919908,298.5005653745332,696.2469313324618,97.5
806586,-915337.4356317297,180526.34482223215,-734811.0908094975,299.09466603793857,697.3214066679715,97.5
809919,-916253.168103273,180826.88079691026,-735426.2873063628,299.59259173995866,698.4378657584913,97.5
813252,-916417.0911456067,179674.23699421203,-736742.8541513947,297.68290031199444,696.674752285797,97.5
816585,-916977.331445409,181093.74069995995,-735883.5907454491,300.0347231843202,699.5325986098202,97.5
819918,-915841.9234336475,180035.74896790675,-735806.1744657408,298.2818505823687,696.9062608231193,97.5
823251,-916178.4435913432,177818.42618262986,-738360.0174087133,294.60820716697816,697.0076245239527,97.5
826584,-915780.7340495447,180380.9800368305,-735399.7540127141,298.85382677436075,695.9617918803469,97.5
829917,-915537.33322406,179438.21347131935,-736099.1197527407,297.29185834620165,698.8683952156734,97.5
833250,-917349.0019360101,178493.34746690164,-738855.6544691084,295.72641158373494,695.890078179811,97.5
