#"Step","Potential Energy (kJ/mole)","Kinetic Energy (kJ/mole)","Total Energy (kJ/mole)","Temperature (K)","Box Volume (nm^3)","Speed (ns/day)"
3333,-1450105.0926147941,275441.3431763606,-1174663.7494384334,297.0333321672973,1086.5821419201934,0
6666,-1449363.627523262,277385.40949402435,-1171978.2180292378,299.1297948465406,1090.3817662842005,61.4
9999,-1447785.5626765434,276496.8904932038,-1171288.6721833395,298.1716243828615,1091.215633010829,60.5
13332,-1448334.7291408898,276082.2637779141,-1172252.4653629758,297.7244948654556,1088.0507160747654,60.8
16665,-1452071.148293469,275148.5705605792,-1176922.57773289,296.7176089551243,1087.690160779243,60.2
19998,-1449010.4063550718,277143.59964786354,-1171866.8067072083,298.86902940179027,1090.3400181445083,59.8
23331,-1450474.8819530103,276748.54505473294,-1173726.3368982775,298.44300627529674,1090.9428824998765,59.8
26664,-1452358.7295879992,276457.7416449947,-1175900.9879430044,298.12940663624454,1089.319403800725,59.6
29997,-1450941.2328304965,277487.0670548243,-1173454.165775672,299.23942139597654,1088.5722356956637,59.9
33330,-1452621.7932952605,275618.3869255756,-1177003.406369685,297.2242544673497,1088.4140009350542,59.9
36663,-1451052.6685580723,276505.7248289418,-1174546.9437291306,298.1811512467356,1090.6002622319477,60.1
39996,-1452151.9978595953,276647.62576370593,-1175504.3720958894,298.33417586898213,1089.8025651656758,60.1
43329,-1448517.307190218,276253.84393277724,-1172263.4632574408,297.9095252771761,1090.2051622956278,60.3
46662,-1449243.7225204948,277929.70003945066,-1171314.0224810443,299.7167526086207,1091.116691782545,60.3
49995,-1452016.2699028654,275771.5614256344,-1176244.708477231,297.3894363954903,1088.0446388492558,60.4
53328,-1449807.1038866732,276277.2143692842,-1173529.889517389,297.93472773425765,1089.26347174945,60.4
56661,-1450216.6293715658,278207.10870304273,-1172009.520668523,300.015907480466,1088.5876755405554,60.5
59994,-1451496.8757007439,274566.29395104497,-1176930.5817496988,296.08968738177407,1088.8494538179334,60.5
63327,-1451533.0122653414,277150.5728896055,-1174382.4393757358,298.87654927954986,1088.1576065450463,60.4
66660,-1450905.6292630285,277201.45866216527,-1173704.1706008632,298.93142401407243,1089.4838603934627,60.5
69993,-1451048.562618549,277492.36496710224,-1173556.1976514468,299.24513461433105,1089.1949305422593,60.5
73326,-1449839.2361781169,276490.33799472766,-1173348.898183389,298.1645582306494,1090.365497537571,60.6
76659,-1451139.3323598793,276323.6159705364,-1174815.716389343,297.98476678097046,1091.4751730164778,60.5
79992,-1447203.3634779938,276102.70266360044,-1171100.6608143933,297.74653596593527,1089.5235925595593,60.6
83325,-1450996.9387333998,276673.4831436351,-1174323.4555897648,298.36206022226366,1090.0358165021928,60.6
86658,-1447144.326566713,275489.106863006,-1171655.219703707,297.08484007398005,1092.9784231459853,60.6
89991,-1452017.0491799554,276433.448185244,-1175583.6009947113,298.10320879965104,1087.0348563316288,60.6
93324,-1450616.8622771427,274844.0526857473,-1175772.8095913953,296.3892197669845,1089.8976387165965,60.7
96657,-1452747.6050103093,277535.9807547209,-1175211.6242555883,299.2921694660424,1087.6966096877543,60.6
99990,-1452422.6987939319,277189.1369852558,-1175233.561808676,298.91813643455333,1089.3240056633188,60.6
103323,-1451436.721257897,277066.09866193926,-1174370.622595958,298.7854530735969,1090.8920281420303,60.5
106656,-1452322.1663172087,277353.221449347,-1174968.9448678617,299.09508356443524,1089.030057264639,60.4
109989,-1450239.0781182814,276404.9243778631,-1173834.1537404184,298.07244899629427,1089.4167676660004,60.4
113322,-1451686.5693945438,275678.05861737207,-1176008.5107771717,297.2886038538505,1086.213996311542,60.4
116655,-1452106.694521741,277224.6245264708,-1174882.06999527,298.95640586243206,1090.5963731241295,60.4
119988,-1449976.0808683746,276890.70360202144,-1173085.377266353,298.59630870444636,1089.4163566208001,60.4
123321,-1448806.4714162024,276108.5578152588,-1172697.9136009435,297.75285010595275,1091.4543106080532,60.5
126654,-1450915.6089153662,275878.33183429,-1175037.2770810763,297.5045765915629,1088.8146335712727,60.5
129987,-1449694.965475847,275710.3204122769,-1173984.6450635702,297.3233946675017,1090.0318148867009,60.5
133320,-1451153.4755558372,277536.5696480806,-1173616.9059077566,299.2928045230564,1089.656348928249,60.5
136653,-1449943.163800044,275267.8255287402,-1174675.3382713038,296.8462123817627,1090.3014749908793,60.5
139986,-1452642.5968448576,277047.50831966056,-1175595.088525197,298.76540542479626,1088.9657574952307,60.5
143319,-1451893.188397847,275457.95089549036,-1176435.2375023568,297.0512417740976,1087.6096951805753,60.6
146652,-1450378.5273935227,276709.19663999777,-1173669.3307535248,298.40057331803075,1090.8461491971102,60.5
149985,-1450183.9267909927,276629.7574126503,-1173554.1693783426,298.31490680866904,1089.4393864189128,60.6
153318,-1448886.603101273,276509.78283539275,-1172376.8202658803,298.18552736240576,1092.7864087770574,60.6
156651,-1450089.2714600824,275696.13766927767,-1174393.1337908048,297.3081001319619,1089.3878704084727,60.5
159984,-1448912.0109534012,274928.11206875567,-1173983.8988846457,296.4798686083929,1090.4740936625483,60.6
163317,-1452506.471923573,276784.6077105675,-1175721.8642130054,298.4818959013267,1089.1337817063525,60.6
166650,-1448056.3739398438,276481.41887584084,-1171574.955064003,298.1549399374317,1092.3698555577214,60.6
169983,-1451539.4178529074,275387.565756917,-1176151.8520959904,296.97533910819993,1089.5902154918986,60.6
173316,-1450791.7520292941,276539.9683002134,-1174251.7837290808,298.2180790813863,1089.9141318204922,60.6
176649,-1448375.117171158,277429.0387238867,-1170946.0784472714,299.17684419424006,1091.5074590246418,60.6
179982,-1451257.9791816864,278284.156387095,-1172973.8227945915,300.0989949722198,1086.5990084592793,60.6
183315,-1450165.8117689993,277253.7771692728,-1172912.0345997266,298.9878437959431,1091.6283151225412,60.5
186648,-1451613.3633517902,274957.8078652774,-1176655.5554865128,296.511892273724,1089.3741366249094,60.5
189981,-1453238.5223434214,277052.4813104736,-1176186.0410329478,298.7707682509247,1087.7834306972613,60.4
193314,-1453369.2191271046,276157.1187918683,-1177212.1003352362,297.8052178025712,1087.2328216906296,60.4
196647,-1449762.92647524,276476.73148704943,-1173286.1949881904,298.14988510181473,1088.9912014737588,60.4
199980,-1450675.4055290464,278593.41295507486,-1172081.9925739716,300.4324943221081,1087.9498817715107,60.4
203313,-1452855.13036599,275774.8258794583,-1177080.3044865318,297.3929567515335,1088.289131873878,60.4
206646,-1451123.7826412246,276237.6496783365,-1174886.132962888,297.8920615467752,1090.134000291788,60.4
209979,-1451675.4810682517,275042.229472994,-1176633.2515952578,296.60293173482233,1089.4312735381727,60.4
213312,-1450552.64650743,276805.09049383627,-1173747.5560135937,298.50398434054296,1090.1543748461283,60.4
216645,-1450825.4585848395,277718.31850940775,-1173107.1400754317,299.4888007713866,1087.5694467653718,60.4
219978,-1453659.60189078,276590.8943569616,-1177068.7075338184,298.2729972579956,1086.5064233615924,60.4
223311,-1450668.0119121084,276096.66333898297,-1174571.3485731254,297.7400232155453,1088.381386254161,60.4
226644,-1451196.125934749,276035.4879106968,-1175160.6380240521,297.6740522138756,1090.5317556645934,60.4
229977,-1450155.8947249874,276410.37515725504,-1173745.5195677325,298.07832706509475,1089.518921300728,60.5
233310,-1450933.0098731043,276489.91041857586,-1174443.0994545284,298.1640971365825,1091.9738779338325,60.5
236643,-1452123.5865579387,275794.09781963995,-1176329.4887382989,297.4137394290484,1088.8926275471624,60.5
239976,-1450710.0748108197,276580.6351013582,-1174129.4397094615,298.2619337740527,1087.626616565761,60.5
243309,-1449915.207611573,275309.6794065953,-1174605.5282049775,296.89134720669523,1088.6506220420838,60.5
246642,-1450785.0453023408,275491.48279055866,-1175293.5625117822,297.08740225171925,1088.9734550256007,60.5
249975,-1450877.17793921,275808.0670135836,-1175069.1109256265,297.428803675312,1089.2524066406602,60.5
253308,-1450388.6418460933,277637.93288191047,-1172750.708964183,299.40211367307916,1089.3325160455179,60.5
256641,-1450252.606933252,277383.4725735005,-1172869.1343597514,299.1277060898176,1088.9642508735806,60.5
259974,-1449565.8566261884,277205.74805114075,-1172360.1085750477,298.93604965046256,1089.524616873345,60.5
263307,-1450719.0640735487,276131.18918623374,-1174587.8748873149,297.77725556177387,1090.4661386459743,60.5
266640,-1449319.2734242799,278214.5686264342,-1171104.7047978458,300.02395219110065,1089.5370553334153,60.5
269973,-1451894.007882041,275860.4523753251,-1176033.5555067158,297.4852955525858,1089.8758569545084,60.5
273306,-1450194.5037134746,275994.3740736304,-1174200.1296398442,297.629715441911,1090.1757470160398,60.6
276639,-1452037.597836445,276077.06575787667,-1175960.5320785684,297.71888936994577,1087.8466936189357,60.5
279972,-1452258.2179071065,276583.4518672784,-1175674.766039828,298.26497134770653,1086.7865845561917,60.6
283305,-1450256.6798030408,276248.92398110544,-1174007.7558219354,297.9042196479546,1090.224230248046,60.5
286638,-1449565.137801231,275765.62656286673,-1173799.511238364,297.38303629576853,1090.305367257233,60.5
289971,-1448547.7718138192,276014.9900917648,-1172532.7817220544,297.65194756034276,1092.3100673608913,60.5
293304,-1452543.8105935268,277179.55965114763,-1175364.2509423792,298.90780832828347,1087.6659798104101,60.5
296637,-1449271.7894883463,275244.4401368192,-1174027.3493515272,296.82099379690465,1089.7589474530662,60.5
299970,-1449122.7188873421,275959.1047591767,-1173163.6141281654,297.59168134770204,1090.218379842606,60.5
303303,-1447762.3310768101,275969.83377214265,-1171792.4973046675,297.60325141352945,1091.3253547395507,60.5
306636,-1451849.5146424398,276695.89767661114,-1175153.6169658287,298.38623184204334,1087.0399959913188,60.5
309969,-1450106.0720387334,277745.5121126115,-1172360.559926122,299.51812609517464,1090.4649458284323,60.5
313302,-1451861.4873411497,276523.98610856314,-1175337.5012325866,298.2008440374874,1088.9074430184762,60.5
316635,-1451670.3787013246,276096.02312707435,-1175574.3555742502,297.7393328170949,1089.8203881827917,60.5
319968,-1451632.8643140532,275750.7309247429,-1175882.1333893104,297.3669729808875,1085.279448696132,60.5
323301,-1449292.1901053432,275881.7774156862,-1173410.412689657,297.50829227386237,1088.8025119765218,60.5
326634,-1452121.7752609756,277843.045174426,-1174278.7300865497,299.6233048240218,1090.2099415623222,60.5
329967,-1449052.7288726624,276029.61765828234,-1173023.11121438,297.66772178934593,1091.3406845714162,60.5
333300,-1450205.8410214167,276701.6890264187,-1173504.151994998,298.3924771787501,1088.1085844232514,60.5
336633,-1449033.0583787207,276796.49001881323,-1172236.5683599075,298.4947096698459,1090.8415058226105,60.5
339966,-1448268.014517272,275477.85893551575,-1172790.155581756,297.07271041565104,1090.6982404035493,60.5
343299,-1452327.1051887637,276396.81724266533,-1175930.2879460985,298.06370633858586,1089.1138738030536,60.5
346632,-1452870.4932055352,275704.0253074682,-1177166.467898067,297.3166060861794,1088.533380184218,60.5
349965,-1451597.2097112015,277142.6583883195,-1174454.551322882,298.86801435642496,1090.1449153171232,60.5
353298,-1450790.283041061,278016.267965475,-1172774.0150755858,299.8101066390262,1089.0873063608492,60.5
356631,-1451008.1592091322,277088.6984458719,-1173919.4607632603,298.80982446625114,1089.5541306514563,60.5
359964,-1454019.3181889337,275219.89255965606,-1178799.4256292777,296.7945219225037,1086.9948257407357,60.5
363297,-1452751.6801036028,276137.16312285105,-1176614.5169807519,297.7836977983645,1088.8040052134206,60.5
366630,-1447540.856992106,276533.3886874099,-1171007.468304696,298.21098368934076,1088.7029565604146,60.5
369963,-1449760.2147058258,277764.8451430898,-1171995.369562736,299.538974651886,1089.9945226828856,60.5
373296,-1449881.2073375853,276380.1123156772,-1173501.0950219082,298.04569190375315,1089.1733092054737,60.5
376629,-1450458.3521398427,274533.3905076988,-1175924.961632144,296.05420462052916,1089.824361177782,60.6
379962,-1448314.7434914475,275247.5738949812,-1173067.1695964662,296.82437321198563,1089.915409105251,60.6
383295,-1449653.7761373846,274820.4614298677,-1174833.314707517,296.3637791803859,1088.3419700206666,60.6
386628,-1451929.7176083913,276575.63942642126,-1175354.07818197,298.2565464855802,1089.9192812978542,60.5
389961,-1451873.9746382404,276672.72927252686,-1175201.2453657135,298.3612472548104,1088.8346816247245,60.5
393294,-1452278.275963284,276450.68720327195,-1175827.588760012,298.1217991931958,1090.584174144288,60.5
396627,-1448932.6530847345,275025.55165788595,-1173907.1014268484,296.5849465371839,1090.0785614750887,60.5
399960,-1450268.4867976764,276756.01379775075,-1173512.4729999257,298.4510604969328,1090.327974456148,60.5
403293,-1452918.280821343,274762.55320853146,-1178155.7276128116,296.30133150370443,1088.26669090761,60.5
406626,-1450980.4743603794,276748.18367805844,-1174232.290682321,298.4426165701183,1089.6565276871208,60.5
409959,-1449448.6261918321,277393.4413205646,-1172055.1848712675,299.1384562921069,1091.581130643318,60.5
413292,-1450365.4831075817,276076.91383170953,-1174288.5692758723,297.71872553420803,1089.954364665596,60.5
416625,-1450661.3181337798,276356.91818974924,-1174304.3999440307,298.0206795783278,1086.5486107189565,60.5
419958,-1450881.3638126133,275260.7072045482,-1175620.6566080651,296.838536048465,1085.6504820878017,60.5
423291,-1451845.8366367295,275822.2157201549,-1176023.6209165747,297.4440615062907,1088.1092382122563,60.5
426624,-1452844.8132341783,275572.5607181674,-1177272.252516011,297.1748359199011,1087.8145926616737,60.5
429957,-1449476.8406293774,275325.2016860666,-1174151.6389433108,296.90808628566214,1091.548952991826,60.5
433290,-1452207.8189586652,276919.36886694405,-1175288.4500917213,298.6272210542745,1087.9627864307124,60.5
436623,-1450374.256292371,278092.0556657864,-1172282.2006265847,299.8918353762636,1089.390137349847,60.5
439956,-1451745.3631070247,276428.75934925897,-1175316.6037577656,298.09815240339424,1088.3289968083166,60.5
443289,-1450453.5410223873,276551.90404899535,-1173901.636973392,298.2309504796729,1091.218880277752,60.5
446622,-1448713.6378512532,276847.12410934846,-1171866.5137419046,298.54931299286017,1089.4825765892795,60.6
449955,-1451954.1027625808,276433.1560943947,-1175520.9466681862,298.1028938116493,1088.2932491237661,60.6
453288,-1452460.3624688676,277798.667591135,-1174661.6948777325,299.57544845908234,1087.583764343309,60.6
456621,-1453397.720965228,276175.01464332076,-1177222.7063219072,297.8245165190514,1088.9472213938138,60.6
459954,-1452128.2364033628,275443.4945060258,-1176684.7418973371,297.0356521408049,1088.347897225364,60.6
463287,-1451689.7127003223,276520.6927920103,-1175169.019908312,298.197292556151,1087.5315951615141,60.6
466620,-1453622.7763823634,276484.8859060513,-1177137.890476312,298.15867874992904,1087.0754537081998,60.6
469953,-1448091.5173170818,275486.9146895369,-1172604.602627545,297.08247605490175,1089.3511263368687,60.6
473286,-1452883.5908462256,275944.540553094,-1176939.0502931317,297.5759754459908,1087.9222583983553,60.5
476619,-1449568.6287539927,277235.7993169165,-1172332.829437076,298.96845665046584,1092.031113010303,60.5
479952,-1451285.4908919502,276855.1109939004,-1174430.3798980499,298.5579259734126,1088.7576071431708,60.5
483285,-1451026.6529319696,278077.2547084926,-1172949.398223477,299.8758741642919,1087.8384824930888,60.5
486618,-1448216.2144016903,276331.5079269188,-1171884.7064747715,297.9932773918851,1090.7432049224465,60.5
489951,-1450541.437684739,277583.9484613455,-1172957.4892233936,299.3438973859357,1089.8115657058315,60.5
493284,-1449080.8712866977,275827.8332053853,-1173253.0380813123,297.4501193490863,1090.0459090439992,60.5
496617,-1451552.183423318,275639.31160929566,-1175912.8718140223,297.2468194478215,1089.2515872010033,60.5
499950,-1449420.3166946443,276709.68215364136,-1172710.634541003,298.4010968913393,1089.6801042366735,60.5
503283,-1451668.882629524,277057.3008057714,-1174611.5818237527,298.7759655489452,1088.9977498375974,60.5
506616,-1448797.6423999788,277244.20995299134,-1171553.4324469874,298.97752660064157,1089.6314010046397,60.5
509949,-1449420.0413138857,277731.53687180544,-1171688.5044420804,299.503055328032,1093.0213396626514,60.5
513282,-1452535.381979769,276205.7372250585,-1176329.6447547106,297.8576474598212,1088.3261816123609,60.5
516615,-1452694.1758596255,275394.27974690165,-1177299.8961127237,296.98257941132323,1088.2077739078525,60.5
519948,-1450163.354925909,276032.2940696578,-1174131.0608562513,297.6706080059899,1085.577588912374,60.5
523281,-1452164.7868807819,275965.9382044211,-1176198.8486763607,297.5990504702445,1089.1614256456396,60.5
526614,-1450763.2849768419,277740.25576248346,-1173023.0292143584,299.5124576970483,1089.7596221936287,60.5
529947,-1450377.0109129418,277223.65296182974,-1173153.357951112,298.95535813633757,1091.6734674962727,60.5
533280,-1454086.9996670578,276074.80979461985,-1178012.1898724379,297.71645656056546,1088.0849297225902,60.5
536613,-1451079.705274445,275988.7251858161,-1175090.9800886288,297.6236237348668,1089.0242386469,60.5
539946,-1452629.5925618103,277464.12349032034,-1175165.46907149,299.21467927361454,1088.8917310365202,60.5
543279,-1453477.7220592778,275970.87248832954,-1177506.8495709482,297.6043715552141,1087.455731867689,60.5
546612,-1450617.6160259247,276989.1893165778,-1173628.426709347,298.7025147649752,1090.6830328093297,60.5
549945,-1448258.8669255516,276391.6586796049,-1171867.2082459466,298.0581433931058,1086.541356405941,60.5
553278,-1452268.2448360082,276544.838582143,-1175723.4062538652,298.2233311472289,1087.2289944883637,60.5
556611,-1449342.5624721562,275975.36723900854,-1173367.1952331476,297.60921865171764,1088.2992587905271,60.5
559944,-1450711.1638302626,274667.0255546668,-1176044.1382755958,296.1983153877709,1088.881089195627,60.5
563277,-1448972.7926309593,277017.3186198387,-1171955.4740111206,298.7328491388306,1091.7812821148455,60.5
566610,-1450460.2604657542,276139.85323255195,-1174320.4072332024,297.78659878715274,1091.185973346515,60.5
569943,-1449089.8747330373,277160.2876549553,-1171929.587078082,298.8870255903672,1089.895775343219,60.5
573276,-1454183.9080020813,276232.82008441916,-1177951.0879176622,297.88685335849914,1087.576981601262,60.5
576609,-1450409.925257599,276209.123724838,-1174200.801532761,297.8612994290655,1088.245148582401,60.5
579942,-1452975.3686382882,275815.6976199617,-1177159.6710183267,297.43703244886063,1089.522821120388,60.5
583275,-1452069.3363439562,276849.7249327448,-1175219.6114112113,298.5521176961443,1092.1501334640343,60.5
586608,-1451238.5369044961,276175.8660878497,-1175062.6708166464,297.82543470875623,1088.3030724634932,60.5
589941,-1450111.1919031655,276256.7013342655,-1173854.4905689,297.9126066718412,1088.5037305977235,60.5
593274,-1449565.1276178248,275658.0778351655,-1173907.0497826594,297.2670567678187,1088.8864964289914,60.5
596607,-1452349.611129364,275522.23129660904,-1176827.3798327548,297.120561149022,1091.7334726579122,60.5
599940,-1453730.5225193985,276065.0817201411,-1177665.4407992573,297.7059658973096,1087.708900506981,60.5
603273,-1450563.1359386183,277285.2572524231,-1173277.8786861952,299.021791619052,1090.6800496241597,60.5
606606,-1451895.1799433148,277549.9054026182,-1174345.2745406965,299.3071856742721,1088.2071648895044,60.5
609939,-1449558.2129638484,277306.60426794057,-1172251.6086959078,299.0448120381287,1089.845179222174,60.5
613272,-1450221.166492395,274196.4372733447,-1176024.7292190504,295.69083744830095,1086.1995688834115,60.5
616605,-1450272.0245467648,278082.50183101813,-1172189.5227157467,299.88153261145914,1089.7237932736089,60.5
619938,-1451007.5437179366,277916.7097404898,-1173090.833977447,299.70274399342264,1091.9687955305383,60.5
623271,-1450588.4811328724,276895.58584740234,-1173692.89528547,298.60157367156137,1088.0131475376015,60.5
626604,-1450992.2480080845,276790.88929000084,-1174201.3587180837,298.4886698970126,1088.7938673112556,60.5
629937,-1453020.1994797327,276955.8151450788,-1176064.3843346538,298.66652437495486,1088.9504299864886,60.5
633270,-1450272.2091417462,276104.9576216908,-1174167.2515200553,297.7489676913537,1091.043736169659,60.5
636603,-1451219.1293765157,276492.1490574182,-1174726.9803190976,298.1665112634786,1088.214706184118,60.5
639936,-1450366.4942332264,276937.2036580669,-1173429.2905751595,298.64645392387445,1085.7795728637434,60.5
643269,-1451239.798007979,275649.71834864013,-1175590.079659339,297.258041976832,1092.306131415587,60.5
646602,-1453197.5868216744,275739.3250529588,-1177458.2617687155,297.35467299693005,1087.6248272493522,60.5
649935,-1450504.6087752068,276532.17784184567,-1173972.4309333612,298.20967792496805,1090.4594444315799,60.5
653268,-1453006.8023350267,277486.4151178933,-1175520.3872171333,299.23871835337314,1086.997184841407,60.5
656601,-1452439.4452413656,276190.98948208074,-1176248.4557592848,297.8417436336631,1088.6151555635831,60.6
659934,-1448715.5179672902,276556.18585483317,-1172159.3321124571,298.2355679384793,1090.3233078821238,60.5
663267,-1450816.362525058,275708.7407330227,-1175107.6217920352,297.3216911563757,1089.6732508794746,60.5
666600,-1450562.4378588237,276084.9559679681,-1174477.4818908556,297.7273980976768,1091.459345097559,60.5
669933,-1451079.5103865843,276834.7395867503,-1174244.770799834,298.5359576411464,1088.1578867066123,60.5
673266,-1452192.06747559,275992.0688068992,-1176199.9986686907,297.6272294641315,1089.4183583887284,60.5
676599,-1451681.3587583657,275670.93660272745,-1176010.4221556382,297.28092354080366,1089.8981651186987,60.5
679932,-1452693.8311396725,277322.44864535413,-1175371.3824943183,299.0618984644618,1086.3237035416334,60.5
683265,-1453160.7877079938,275803.9742921163,-1177356.8134158775,297.4243901232974,1089.3107184599273,60.5
686598,-1452005.8444301551,276427.26235903526,-1175578.58207112,298.0965380633346,1090.5739188280402,60.5
689931,-1450059.0605104035,276601.5680191718,-1173457.4924912318,298.28450763409296,1089.120548026563,60.5
693264,-1450459.5015500467,276431.11299500434,-1174028.3885550424,298.10069055264375,1089.9516054300725,60.5
696597,-1451408.5907494882,276900.07113303797,-1174508.5196164502,298.6064105610519,1086.7311288898122,60.5
699930,-1450829.6889308617,276806.374670071,-1174023.3142607906,298.50536918401525,1090.8968730509753,60.5
703263,-1452577.50701149,276670.30007716815,-1175907.2069343217,298.3586276335743,1091.599015195047,60.5
706596,-1449949.144137158,276609.3628697784,-1173339.7812673796,298.29291352705997,1091.35339456828,60.5
709929,-1451731.5562091395,277580.86475407326,-1174150.6914550662,299.3405719452595,1087.2570753934813,60.5
713262,-1451587.6431498975,277239.7069174768,-1174347.9362324206,298.9726705698499,1091.1285921689778,60.5
716595,-1449829.630607864,276416.9667406553,-1173412.6638672086,298.0854353661183,1092.7070817438764,60.5
719928,-1449886.6629214687,275735.560881319,-1174151.1020401497,297.3506137499334,1090.226757216536,60.5
723261,-1451472.1498910151,277686.37048939423,-1173785.7794016208,299.4543483296024,1088.5099995005223,60.5
726594,-1450275.057770472,275417.34408925375,-1174857.7136812182,297.00745177937114,1089.120957330618,60.5
729927,-1449696.7331538582,276112.7109520867,-1173584.0222017714,297.75732880931923,1089.9169556402815,60.5
733260,-1450932.3159277262,275523.14640275703,-1175409.169524969,297.12154799081304,1089.2317886632227,60.5
736593,-1451888.1799594164,276326.6332288699,-1175561.5467305465,297.98802056374126,1088.0580486583913,60.6
739926,-1450138.3770281123,275945.59733906056,-1174192.7796890517,297.5771150739546,1089.6710821494942,60.5
743259,-1450229.3194301073,276605.368284457,-1173623.9511456504,298.2886058041344,1088.0372548965724,60.6
746592,-1452032.3511293372,277755.3944876904,-1174276.9566416468,299.52878315473424,1087.436510013257,60.6
749925,-1451326.573794908,276399.68478428706,-1174926.8890106208,298.06679866827466,1089.193260739559,60.5
753258,-1449638.1006096527,278318.2657626142,-1171319.8348470386,300.13577819928287,1089.5628915601117,60.5
756591,-1451897.3843380343,276531.956442927,-1175365.4278951073,298.20943917047396,1089.3710001495785,60.5
759924,-1451010.3854660504,277593.69224473485,-1173416.6932213155,299.35440498953176,1090.7924916366826,60.5
763257,-1454437.8884445354,276902.5375941274,-1177535.350850408,298.60907036929865,1091.2417614685967,60.5
766590,-1448614.8368431283,277597.57273899834,-1171017.26410413,299.3585896777425,1091.3994899644576,60.5
769923,-1450094.3528361712,276045.554270786,-1174048.7985653852,297.6849076811254,1091.4721009394418,60.5
773256,-1450383.7355116354,277727.1950257758,-1172656.5404858596,299.49837312245216,1090.0662266232994,60.5
776589,-1452304.2853528382,276583.2817025684,-1175721.00365027,298.26478784369715,1088.0423354218933,60.5
779922,-1449811.734703091,276453.632933553,-1173358.101769538,298.1249758407933,1088.1989983917222,60.5
783255,-1448235.3545809798,277771.440193605,-1170463.9143873747,299.54608669181346,1091.3218293567234,60.5
786588,-1450313.999515131,275271.1591950181,-1175042.840320113,296.84980737586005,1087.5633498428597,60.5
789921,-1452494.550410795,275229.25687431137,-1177265.2935364838,296.8046203106158,1087.1835066103022,60.5
793254,-1451275.1343105696,278197.86520068214,-1173077.2691098875,300.0059393751867,1090.1562003344259,60.5
796587,-1452084.2708616108,276612.7137797447,-1175471.557081866,298.29652711658724,1088.1936060250616,60.5
799920,-1451710.6675549177,276243.4329194616,-1175467.2346354562,297.89829813915566,1090.825145229822,60.5
803253,-1450880.5267633619,274963.8489336462,-1175916.6778297157,296.5184069045588,1088.4537665384842,60.5
806586,-1451589.427133372,274926.5848228074,-1176662.8423105646,296.47822164084687,1087.2762917547066,60.5
809919,-1450671.4489406953,277554.0005175597,-1173117.4484231356,299.31160180738647,1090.2587885829257,60.5
813252,-1449747.5375317186,276763.8052821801,-1172983.7322495384,298.45946275984613,1090.8446299047216,60.5
816585,-1450409.1685328698,275938.9880818266,-1174470.1804510432,297.5699877136363,1087.6871452668056,60.5
819918,-1451326.8226337712,275493.4910378001,-1175833.3315959712,297.089567926498,1089.156084320478,60.5
823251,-1452415.7789543904,277295.44874643086,-1175120.3302079595,299.03278202953277,1086.3314592939241,60.5
826584,-1451003.6781241754,275457.37574941094,-1175546.3023747643,297.0506215420203,1087.2389257213258,60.5
829917,-1453368.7454445707,277234.53563602356,-1176134.209808547,298.96709390897576,1087.6011969652186,60.6
833250,-1453471.1693987604,275763.6462604873,-1177707.523138273,297.380900756464,1086.645073215365,60.6
