#"Step","Potential Energy (kJ/mole)","Kinetic Energy (kJ/mole)","Total Energy (kJ/mole)","Temperature (K)","Box Volume (nm^3)","Speed (ns/day)"
3333,-920247.1734273089,179377.9018937844,-740869.2715335245,295.61193868841445,703.4497114069598,0
6666,-921324.3309315238,179814.5826380552,-741509.7482934686,296.3315816323833,703.3226561662041,94.1
9999,-920902.4982759058,180153.14698968868,-740749.3512862171,296.8895303167002,702.2859080040356,94.6
13332,-919788.3344003214,179771.1596976605,-740017.1747026609,296.2600213149857,705.3225538698172,92.1
16665,-922915.8652449381,181572.49682711798,-741343.3684178201,299.2285963481894,701.2592219733185,92.6
19998,-920071.2765459307,180923.7430845647,-739147.533461366,298.1594604649907,702.8057248788815,92.7
23331,-920024.9218244664,181153.54412361153,-738871.3777008549,298.5381689343621,701.1469965822242,92.6
26664,-920449.3976766849,181203.73209539743,-739245.6655812875,298.62087791624805,702.0209134888111,92.9
29997,-920928.9504737156,181773.16946403633,-739155.7810096792,299.55930167261823,700.9344027939642,92.5
33330,-920260.617748593,179553.65597849543,-740706.9617700975,295.90157863383314,700.5984881943016,92.5
36663,-920153.553570006,181080.7557903223,-739072.7977796837,298.4182149149965,703.8167625392022,92.6
39996,-922471.2554611387,181953.26346744737,-740517.9919936913,299.8560937352549,699.7816526735724,92.3
43329,-921269.5460862657,181247.00173431123,-740022.5443519545,298.6921855952353,701.3384348621814,92.2
46662,-919984.6483817548,179692.55778389913,-740292.0905978556,296.1304866071632,701.6375037482462,92.2
49995,-920827.4437657883,181061.2883726225,-739766.1553931658,298.3861329192393,702.3633081025001,91.4
53328,-920459.7066070251,181262.08282247966,-739197.6237845455,298.71703898946015,702.6408215474409,91.4
56661,-920160.3779427186,181286.2691713164,-738874.1087714022,298.75689770892313,699.3146267165326,91.2
59994,-921214.3404713217,180204.2458022351,-741010.0946690866,296.97374034972006,700.8106875543724,91.2
63327,-920220.8156699724,180536.14875611226,-739684.6669138602,297.520711156136,701.161764591427,90.8
66660,-921059.8277910296,180483.68014839385,-740576.1476426357,297.43424372238763,703.1481642770916,91
69993,-921176.14365937,180129.96452873183,-741046.1791306383,296.851325988549,701.5685134768257,91
73326,-921813.6690144744,180025.1808531118,-741788.4881613626,296.67864415223625,702.5413062231414,90.9
76659,-922436.0213198382,181045.29386045292,-741390.7274593853,298.35977421674073,702.1431533839916,91
79992,-921873.6420263238,180881.08302532387,-740992.5590009999,298.08915736364094,701.7777270015672,91.1
83325,-920745.6464715665,180777.68266288773,-739967.9638086788,297.918755205526,700.3862166165494,91
86658,-919859.2047866937,180547.82798316854,-739311.3768035251,297.53995833717687,703.0254848804599,91
89991,-919557.71061025,180403.2368321524,-739154.4737780977,297.3016744124693,704.4611774482265,91.1
93324,-921380.2965755956,180790.3040362568,-740589.9925393388,297.9395550287548,700.0185397341443,91.1
96657,-921905.4277727781,180916.28493905434,-740989.1428337237,298.14716955942174,699.2385445764892,91
99990,-921438.7179384893,180605.2251329801,-740833.4928055091,297.6345479301639,701.5929891682877,91.2
103323,-920391.8689345624,180522.97478533193,-739868.8941492306,297.49900066113366,699.3504724272308,91.1
106656,-919574.4227191173,181660.5087611316,-737913.9139579856,299.37363862021294,703.3798023153963,91
109989,-922360.439829276,180728.96715730813,-741631.4726719678,297.8384728246054,701.0749416715302,91.1
113322,-921925.3648426747,181255.3328978779,-740670.0319447968,298.70591522072135,702.0254926205226,91.1
116655,-920976.393581571,180972.6900469928,-740003.7035345782,298.24012428312835,703.1389596173872,91.1
119988,-922147.5103823673,180653.40202394873,-741494.1083584186,297.7139426827441,701.3086080150102,91.2
123321,-920209.00145943,180550.14259543718,-739658.8588639928,297.5437727815027,700.4757644040119,91.2
126654,-921749.0962308496,180946.82111524692,-740802.2751156026,298.1974926937048,701.958362732514,91.2
129987,-921463.4670237135,179634.402223585,-741829.0648001286,296.03464716569096,701.3842404409119,91.3
133320,-919113.8838408738,180208.47282515373,-738905.4110157201,296.9807064164801,701.2218462394451,91.3
136653,-920362.9333771756,181987.70472423296,-738375.2286529427,299.912852380449,702.08567167165,91.3
139986,-920563.9591771569,181059.36649269215,-739504.5926844648,298.38296569158115,702.8500876285624,91.3
143319,-922685.3992967308,181055.39269756246,-741630.0065991683,298.37641694020294,701.2544833685142,91.3
146652,-922713.7201969298,180347.74395011397,-742365.9762468158,297.2102230225846,701.209830444612,91.3
149985,-921080.6051828684,182106.48348625787,-738974.1216966106,300.10859789729636,704.4408752096181,91.3
153318,-920479.1462896839,181353.32266595474,-739125.8236237292,298.8674008051049,701.9862430967593,91.3
156651,-920822.0317740543,180656.1420383025,-740165.8897357518,297.7184581829623,702.0719467675507,91.3
159984,-922774.2432918688,181369.85766436157,-741404.3856275072,298.89465022035427,702.1819434107747,91.3
163317,-921170.9554223856,181471.9194726483,-739699.0359497373,299.06284646245075,701.7340531055429,91.3
166650,-920614.9158068011,179987.04770898286,-740627.8680978182,296.6158013352269,702.1578738930255,91.3
169983,-922493.0135775898,180761.5452497193,-741731.4683278705,297.8921610044468,700.5435128210707,91.4
173316,-920606.8288021497,180048.23592346802,-740558.5928786817,296.7166385426971,700.8470566749387,91.4
176649,-919620.5079641072,181568.33277822347,-738052.1751858838,299.22173406162284,702.7035063964065,91.4
179982,-922247.5203698575,180378.76567445218,-741868.7546954054,297.2613463325144,701.8643751933956,91.4
183315,-922438.5895578293,180286.39688735432,-742152.192670475,297.1091240356762,701.0541170610261,91.4
186648,-921754.8799630385,180196.07828340144,-741558.801679637,296.9602804081598,700.527350074396,91.4
189981,-921438.9232458891,181680.89564615267,-739758.0275997365,299.40723588353944,702.7852206155283,91.4
193314,-921234.4099525074,181209.67975642363,-740024.7301960837,298.63067956733244,702.4378353969478,91.4
196647,-921793.5270121023,179724.72677127412,-742068.8002408282,296.18350058839036,701.8634492659558,91.5
199980,-922122.1051410316,180622.5410682006,-741499.564072831,297.6630843169021,701.8525582935753,91.5
203313,-921012.1902654525,181615.88808581,-739396.3021796425,299.3001044546432,700.1719828589596,91.5
206646,-921694.6620332422,181139.17796959437,-740555.4840636478,298.5144937402848,702.7518478493657,91.5
209979,-921690.7932515349,181440.8026887509,-740249.990562784,299.0115664958744,703.432932770938,91.5
213312,-920999.3674375322,181620.1033448338,-739379.2640926983,299.307051134691,701.8508442237265,91.5
216645,-921360.7994395904,180211.6427002179,-741149.1567393725,296.9859303203346,701.8951742166598,91.5
219978,-921358.3654817604,181858.3672177191,-739499.9982640413,299.69970622006895,702.8631857201782,91.5
223311,-923391.2541453326,181131.0448214393,-742260.2093238933,298.501090441058,699.0550773268004,91.6
226644,-923335.9618213391,181598.06129854894,-741737.9005227902,299.27072619184054,701.4197687865548,91.5
229977,-920722.8825995056,181220.1419838827,-739502.7406156228,298.6479211523299,702.6511611837931,91.6
233310,-920195.6794628128,181760.68257179623,-738434.9968910166,299.5387234721581,702.994062729642,91.6
236643,-920296.5476182448,180161.61774757685,-740134.9298706679,296.9034899914151,701.5470703604817,91.5
239976,-920676.2012453256,180567.12840051757,-740109.072844808,297.5717651190035,701.9088639621624,91.5
243309,-921261.1415457167,180732.4027425844,-740528.7388031322,297.8441346146772,700.4910261366431,91.6
246642,-920137.0366113828,181572.14507946162,-738564.8915319212,299.22801667362785,701.0267122601801,91.6
249975,-920122.3912796946,180075.23388746602,-740047.1573922286,296.76113075937394,700.6299455872573,91.6
253308,-921566.9649153892,180722.35909938044,-740844.6058160088,297.8275828498965,701.3149361337744,91.6
256641,-919870.8191701546,180035.14750464354,-739835.6716655111,296.69506903596175,702.1713565659328,91.6
259974,-921391.4166444102,182279.1588695403,-739112.2577748699,300.3931641915666,702.995855375962,91.6
263307,-921401.6235141242,181361.28614572983,-740040.3373683944,298.88052449353125,702.6873605601003,91.6
266640,-921042.462093696,181643.88186076217,-739398.5802329339,299.3462377519861,701.8724989823749,91.6
269973,-922455.3875281578,180593.0006185127,-741862.386909645,297.6144021241137,699.7979954858256,91.6
273306,-921882.9793700539,181220.97615648972,-740662.0032135642,298.6492958555624,703.4768863750203,91.6
276639,-922394.7478745887,181864.06871586136,-740530.6791587274,299.709102198623,700.9973336620932,91.6
279972,-920036.6701732781,181225.62763245427,-738811.0425408238,298.6569614142133,703.6602757046286,91.6
283305,-922320.9388604006,181179.10242010513,-741141.8364402954,298.58028860181435,701.7015254454095,91.6
286638,-921927.4744285652,179766.7555624503,-742160.718866115,296.2527633699769,702.1496952804453,91.6
289971,-922160.976917902,181695.3232754881,-740465.6536424139,299.4310123879667,700.6875093326024,91.6
293304,-923511.778683994,179978.80323112383,-743532.9754528701,296.60221456641284,700.2984680430927,91.6
296637,-922585.4794431003,180153.4711847109,-742432.0082583893,296.89006458495743,700.7913735489941,91.6
299970,-923018.6511580404,181529.19276023022,-741489.4583978101,299.1572319324468,699.2422269807115,91.6
303303,-921533.2366356701,180654.88718826364,-740878.3494474064,297.7163902099911,700.5125368266682,91.6
306636,-922810.2013012413,180437.95041501883,-742372.2508862225,297.3588818467275,701.0038100144108,91.6
309969,-922516.2463340135,180579.5886684747,-741936.6576655388,297.59229944306736,700.5111900832982,91.6
313302,-920028.0517766196,182295.84861953568,-737732.203157084,300.42066863498064,702.3133339813585,91.6
316635,-922830.8308997173,180456.88823896862,-742373.9426607487,297.3900910803802,700.7772739940615,91.6
319968,-922905.2404693188,182240.09962018655,-740665.1408491323,300.32879516782805,701.2070097541175,91.6
323301,-922245.6217470476,180604.2593019426,-741641.3624451051,297.63295625592514,701.0844111222583,91.6
326634,-922037.0364821795,181561.23400246206,-740475.8024797174,299.2100353917032,701.0962708401929,91.6
329967,-921078.0222358936,180788.85582582187,-740289.1664100718,297.9371684009161,701.3765544757116,91.6
333300,-920933.4706845088,181311.82022907995,-739621.6504554289,298.79900544706294,702.4991748004911,91.6
336633,-920095.7303891629,181089.1881629529,-739006.54222621,298.43211133141546,703.0219040971823,91.6
339966,-922417.3207624536,181635.93012159236,-740781.3906408612,299.33313341189114,703.4290806103792,91.6
343299,-919813.0641093412,181491.80520866805,-738321.2589006731,299.09561784016773,702.7655332470483,91.6
346632,-920547.2077927385,181308.0290120339,-739239.1787807045,298.79275758147224,703.3048986023766,91.6
349965,-921072.5832418278,181354.40058156603,-739718.1826602618,298.86917719294445,700.707471231311,91.6
353298,-923046.3616071008,180649.2251616004,-742397.1364455004,297.7070592798088,700.9467582082266,91.6
356631,-920372.2962231236,180774.60627390182,-739597.6899492217,297.9136853652464,703.2225440166761,91.6
359964,-922265.7784513887,181230.5886173579,-741035.1898340308,298.6651370386892,701.6193842335365,91.6
363297,-920653.6431949884,181694.2651509774,-738959.378044011,299.42926861554724,702.195909820028,91.6
366630,-920427.2506008567,179694.26802302187,-740732.9825778349,296.1333050541255,701.1360377641226,91.6
369963,-921227.69997524,179832.47059493727,-741395.2293803028,296.3610607017517,702.2926492699215,91.6
373296,-920531.4480117084,181173.48868082731,-739357.9593308811,298.5710372484777,703.1663222212349,91.6
376629,-922202.8298780387,180548.84305945947,-741653.9868185793,297.54163116681264,701.7515479208712,91.6
379962,-920574.6434538662,181564.51231173624,-739010.13114213,299.21543799341674,703.2439231950482,91.6
383295,-920861.6342394995,180969.9194313779,-739891.7148081216,298.23555835251693,702.7207952931789,91.6
386628,-921131.4404925415,180311.43990005518,-740820.0005924864,297.1503945236066,701.0748494202568,91.6
389961,-921560.3537293142,182341.24842480547,-739219.1053045087,300.4954867943536,700.7046246952702,91.6
393294,-922694.3251897311,179287.51945333625,-743406.8057363948,295.4629898593659,701.6128735182864,91.6
396627,-921803.0746459533,180529.30576889293,-741273.7688770604,297.50943402167866,700.2573972542547,91.6
399960,-921982.5000548186,180438.2579654015,-741544.2420894171,297.3593886848827,701.5885156432536,91.6
403293,-922369.6260173228,181384.36256428453,-740985.2634530382,298.9185540654848,699.52253842818,91.6
406626,-922543.7396011967,180283.98239420727,-742259.7572069895,297.1051449892462,699.7145699394222,91.6
409959,-923111.0985516822,180751.3857775351,-742359.712774147,297.87541835534273,699.9073492083668,91.6
413292,-920360.0693799043,181338.38049896283,-739021.6888809415,298.84277635077666,701.7878515557879,91.6
416625,-922097.436670661,181340.75050420998,-740756.686166451,298.84668208185286,701.1101544003508,91.6
419958,-920580.9447780102,180329.2411020482,-740251.703675962,297.17973062229316,702.2933746488214,91.6
423291,-920845.1355296122,181102.05824928294,-739743.0772803293,298.4533210296611,701.2911905431946,91.6
426624,-922256.4577531563,180959.211813264,-741297.2459398923,298.2179123676104,701.7685670651022,91.6
429957,-922916.6278015459,181315.51023144327,-741601.1175701027,298.805086512461,701.2922660782527,91.6
433290,-920498.5738686314,180520.2084978914,-739978.36537074,297.4944418632849,703.0437957634132,91.6
436623,-921141.0347575117,179804.38175525493,-741336.6530022568,296.31477073924043,701.2356334502537,91.6
439956,-920129.1174482424,180795.50349011173,-739333.6139581306,297.9481236462821,701.6069869537149,91.6
443289,-919171.1687416118,180797.0122929403,-738374.1564486715,297.9506101294249,702.5762633207916,91.6
446622,-922601.8426765725,181298.05182222565,-741303.7908543468,298.77631533083417,701.540794965208,91.6
449955,-923869.5221055299,180974.68540628388,-742894.836699246,298.24341260360814,700.1259502056105,91.6
453288,-920468.8094704105,180596.1863302911,-739872.6231401194,297.6196521266222,702.4518657766588,91.6
456621,-922030.5293456092,182089.57909198795,-739940.9502536213,300.08073972352065,700.4024756484968,91.6
459954,-922282.235256114,179166.33465512856,-743115.9006009855,295.2632792330316,701.4165061324221,91.6
463287,-920389.0635566171,180701.19295445748,-739687.8706021596,297.792701378605,703.7452816172101,91.6
466620,-922974.568982413,182484.29778436245,-740490.2711980506,300.7312298711782,702.0667568934914,91.6
469953,-920280.4834436458,181032.18029925972,-739248.303144386,298.33816327578035,702.9165975623777,91.6
473286,-921524.8668391854,182840.68294555641,-738684.1838936289,301.31854696714197,702.8629959562434,91.6
476619,-920980.4484897256,181584.28792697837,-739396.1605627472,299.24802789383796,700.6219986292253,91.6
479952,-922603.3149694772,179261.46048840758,-743341.8544810696,295.4200450982696,702.3812882993344,91.6
483285,-922587.903110655,180106.92891440348,-742480.9741962515,296.8133636613136,700.6977637356656,91.6
486618,-919626.0885850815,180130.00084489558,-739496.0877401859,296.8513858370111,702.2384151284817,91.6
489951,-919906.8581651878,181729.51922489615,-738177.3389402917,299.4873667704914,702.2356827629392,91.6
493284,-921511.4250246054,180782.9082780201,-740728.5167465853,297.9273669364238,700.4863774574012,91.6
496617,-921524.0180032253,180313.4190307114,-741210.5989725139,297.1536560995535,701.2031787356837,91.6
499950,-920628.3998346189,180482.99607606657,-740145.4037585524,297.43311638203676,702.6487532281994,91.6
503283,-923058.0002321405,180759.45047269634,-742298.5497594442,297.88870884512085,700.2330333481561,91.6
506616,-920098.7331628371,180700.0129013406,-739398.7202614965,297.7907566697754,701.7998677971884,91.6
509949,-920776.1651416849,181155.83003375557,-739620.3351079293,298.54193607804154,701.0783754003526,91.6
513282,-923842.3961045975,180793.50952653645,-743048.886578061,297.94483762591983,697.7931520240462,91.6
516615,-921312.9591020942,179634.21187900833,-741678.7472230858,296.03433348084604,701.3853432057889,91.6
519948,-920784.2833233634,181914.355561394,-738869.9277619694,299.7919741228762,699.3277212374135,91.6
523281,-920850.0867765974,180726.94782620133,-740123.1389503961,297.83514499895335,701.0197359825415,91.6
526614,-921368.3249261053,180979.88525467616,-740388.4396714291,298.25198187132673,700.7433636604401,91.6
529947,-921178.1046358226,180034.22378165275,-741143.8808541698,296.6935467551165,701.64359804087,91.6
533280,-921653.9397802316,180315.96457982715,-741337.9752004044,297.1578511241422,701.3880330076069,91.6
536613,-921293.8706528833,180958.19416578475,-740335.6764870986,298.21623530069706,702.4084169879187,91.6
539946,-920640.2192646107,181177.43711795047,-739462.7821466601,298.57754421026306,700.5149490409481,91.7
543279,-920204.4722856525,180626.37611877202,-739578.0961668806,297.66940441944774,702.2197578987036,91.7
546612,-921436.1625584764,180829.96431790214,-740606.1982405743,298.0049145441819,701.3570212381369,91.7
549945,-921534.9095560759,179836.6295744977,-741698.2799815782,296.36791463413596,701.183483987139,91.7
553278,-921625.9259365173,181592.66324006906,-740033.2626964482,299.26183027703973,701.8775394447057,91.7
556611,-921307.872049652,181313.2348907208,-739994.6371589312,298.80133678702083,702.6177085562141,91.7
559944,-921729.3399888976,180618.12910774903,-741111.2108811485,297.6558134760196,703.4964060259889,91.7
563277,-922686.6843054844,180623.7801204436,-742062.9041850409,297.6651262553562,701.6324992540841,91.7
566610,-920996.3388806488,179974.9764174372,-741021.3624632116,296.59590803812273,700.9846789731662,91.7
569943,-921258.1247610338,180800.92886091076,-740457.1959001231,297.95706457135185,701.7104568626137,91.7
573276,-920033.9152271403,180356.0820331059,-739677.8331940344,297.22396405117377,702.5069196316517,91.7
576609,-921450.8180045551,180907.19517435395,-740543.6228302012,298.13218977129327,702.0320249114703,91.7
579942,-921485.3378780456,180277.0299576692,-741208.3079203764,297.0936874840467,700.0821520545203,91.7
583275,-922591.1641353499,180508.24551119487,-742082.918624155,297.4747270508552,701.7398064269383,91.7
586608,-921747.3238798669,181259.47273202066,-740487.8511478462,298.71273760176086,702.834053496842,91.7
589941,-922370.3714264063,181072.30522456125,-741298.0662018451,298.404288516587,703.0371439746455,91.7
593274,-922004.2288642302,179718.49249395978,-742285.7363702704,296.1732265982068,701.974728398917,91.7
596607,-921660.7132140743,180282.01874837826,-741378.694465696,297.1019089320492,699.6143296827905,91.7
599940,-921021.5893580131,181214.9826384724,-739806.6067195407,298.6394186328836,701.2976164132305,91.7
603273,-920708.1231587799,183385.49811388637,-737322.6250448936,302.2163937277325,702.1638240492534,91.7
606606,-922420.7806087872,179847.45394832,-742573.3266604672,296.3857530305991,701.2014248344703,91.7
609939,-920842.3727507256,181396.08252757264,-739446.290223153,298.93786837919,700.3548074414217,91.7
613272,-921698.7491185907,178525.9535656491,-743172.7955529416,294.207941349369,703.6492145144852,91.7
616605,-919182.4108701376,180353.99688946758,-738828.41398067,297.2205277675131,702.7170739377348,91.7
619938,-921795.3464524318,180359.82492512965,-741435.5215273021,297.2301322778938,699.6651326532092,91.7
623271,-921859.5465800334,180675.89468099858,-741183.6518990349,297.75101022499183,702.3838555738881,91.7
626604,-921971.9930026382,180725.4848449116,-741246.5081577266,297.8327340289802,701.589497945696,91.7
629937,-919952.2869378142,180943.11743039533,-739009.1695074189,298.191389079783,703.3288144524971,91.7
633270,-922176.6008126438,181037.0670479753,-741139.5337646685,298.3462165601952,703.0749957342748,91.7
636603,-922414.6652206779,179340.54700983939,-743074.1182108384,295.5503784318506,700.8697946077414,91.7
639936,-922750.5026848698,180160.1207913051,-742590.3818935647,296.90102303121006,702.0062691265421,91.7
643269,-921558.1359282695,180510.37151987874,-741047.7644083907,297.47823067946314,701.7437371194108,91.7
646602,-921024.3635082869,179585.68829453905,-741438.6752137479,295.9543673828728,700.3907923919985,91.7
649935,-922079.7504395377,182028.7502292525,-740051.0002102852,299.9804947220372,700.6495102465042,91.7
653268,-920824.2213603901,180630.89919035754,-740193.3221700325,297.67685836971754,704.2139960882291,91.7
656601,-923100.2453133715,181336.26479101158,-741763.98052236,298.8392896976128,702.1816613584347,91.7
659934,-920722.607523609,180423.8798800308,-740298.7276435781,297.3356938281239,702.4102500514465,91.7
663267,-921789.0114534013,181819.17579882476,-739969.8356545765,299.6351193830228,702.4585706203738,91.7
666600,-921969.9283609446,180704.38265249488,-741265.5457084498,297.79795795040513,700.3470887742499,91.8
