#"Step","Potential Energy (kJ/mole)","Kinetic Energy (kJ/mole)","Total Energy (kJ/mole)","Temperature (K)","Box Volume (nm^3)","Speed (ns/day)"
3333,-952580.837491503,186727.29269041645,-765853.5448010865,298.29827318783055,721.2526083777532,0
6666,-951397.1805084413,186678.14825062343,-764719.0322578179,298.219764570714,721.6859637111805,90.4
9999,-952384.131389942,185645.82445754966,-766738.3069323923,296.5706194435731,721.3494889143091,86.8
13332,-952267.3512565121,187578.7383778317,-764688.6128786805,299.6584641626458,719.2328924044748,86.6
16665,-951753.458211597,185739.95990323042,-766013.4983083666,296.7210015354877,722.9548853144142,87.6
19998,-954802.6066510687,186836.9418648493,-767965.6647862194,298.47343857966223,719.7440913530336,87.5
23331,-951521.1564103514,186674.1335977816,-764847.0228125697,298.2133511322021,722.514331109098,88.2
26664,-950742.9313242491,188190.08158337203,-762552.849740877,300.6350895927598,721.8575815780428,88.9
29997,-952279.887081557,186147.74121860252,-766132.1458629544,297.3724352946406,722.1386038733682,89.2
33330,-954204.3671881836,186515.29847370833,-767689.0687144753,297.9596108109563,720.8372146003572,88.9
36663,-953237.221400491,186966.57029741092,-766270.65110308,298.6805209886237,719.3188270899997,89.1
39996,-953585.4224144854,186629.46648420335,-766955.955930282,298.14199507783695,720.5557001801266,89.1
43329,-952987.0894631669,187359.37793812164,-765627.7115250452,299.30803418838536,720.6697671015053,88.9
46662,-951878.9810607461,187234.3586987077,-764644.6223620384,299.1083150006056,721.2329131691359,89.1
49995,-950178.3111248324,187660.4623941842,-762517.8487306482,299.78901890161666,721.6680238268149,89.2
53328,-953492.3300336115,186584.60977457196,-766907.7202590395,298.07033614233194,719.8502031397329,89.1
56661,-952911.0198939769,186098.65750568244,-766812.3623882944,297.2940236891664,722.2578823655746,89.3
59994,-954200.7538686823,187801.3973076375,-766399.3565610448,300.0141634999732,721.9163258602225,89.3
63327,-954906.2765264306,186185.19657984085,-768721.0799465898,297.43227051967943,721.81014817577,89.3
66660,-952601.8339899005,185490.22794960026,-767111.6060403003,296.3220528362678,721.253088750206,89.3
69993,-953224.0294707315,188005.35503349965,-765218.6744372318,300.33998752147215,719.8229504072999,89.3
73326,-951061.2104443433,186553.6048975351,-764507.6055468082,298.0208056149664,723.4718271392186,89.5
76659,-952986.1004828252,186400.35526416753,-766585.7452186577,297.7759881576919,719.881573406576,89.3
79992,-952549.5124822371,186022.81011979433,-766526.7023624427,297.17285691215034,719.927769332597,89.4
83325,-953047.2794122854,186389.65626991808,-766657.6231423673,297.75889643283756,720.6779920500836,89.4
86658,-953483.8958203252,186776.73146219153,-766707.1643581337,298.3772520025317,721.5877280717888,89.5
89991,-953290.7313372353,185940.7341392507,-767349.9971979846,297.0417399077017,719.9661990897279,89.5
93324,-954253.4159842441,186063.09007327812,-768190.3259109659,297.2372044448285,718.7128667780784,89.5
96657,-951618.630911842,185788.20805719087,-765830.4228546511,296.7980783291558,721.8988655984973,89.5
99990,-953843.3580405917,187047.2287753135,-766796.1292652782,298.8093735217999,719.5390402591067,89.4
103323,-953854.1613451587,186480.28375670957,-767373.8775884492,297.9036745336912,721.8946831006853,89.5
106656,-952279.9713112796,187755.53831755737,-764524.4329937221,299.9409034138126,720.7886929396595,89.5
109989,-952840.2856783001,185366.53093308583,-767473.7547452142,296.12444590964714,720.0613064632628,89.5
113322,-951937.7853680225,188331.7060352557,-763606.0793327668,300.86133573401406,721.2597590808384,89.4
116655,-952486.5397793725,186247.19572991657,-766239.344049456,297.5313146344429,720.4711796261856,89.5
119988,-954058.6388583854,185142.79999021487,-768915.8388681705,295.767034023278,720.7314893636825,89.5
123321,-953657.1881462401,185883.64971841383,-767773.5384278262,296.95054711035425,720.86174926931,89.5
126654,-953135.6381989792,186006.3600718108,-767129.2781271684,297.146577835125,720.7658283864168,89.5
129987,-951419.758925748,186388.78281080863,-765030.9761149394,297.7575010752533,721.3319884613252,89.6
133320,-954087.9917695122,187081.44875256484,-767006.5430169473,298.8640401962615,719.8964310540271,89.6
136653,-951646.0668384358,185898.44934186438,-765747.6174965715,296.97418962160964,721.9076714644302,89.5
139986,-953970.2486473592,185211.50068028911,-768758.7479670701,295.8767838992639,720.1347441156776,89.6
143319,-953500.7659584507,187215.109125386,-766285.6568330647,299.0775636605164,722.2240330897044,89.6
146652,-951848.1232333435,187342.49736671243,-764505.625866631,299.2810673469063,719.6735263484665,89.6
149985,-951478.4563560551,184968.90256584983,-766509.5537902053,295.48923156252096,721.6480776734004,89.6
153318,-954522.5515588783,185956.33405171073,-768566.2175071675,297.0666608867491,720.0591350614359,89.6
156651,-954004.9094156735,186123.16208651062,-767881.7473291629,297.3331699437975,721.757543576189,89.6
159984,-954038.2924577324,186522.54545314203,-767515.7470045903,297.97118791583335,720.1629440169002,89.6
163317,-954459.7701988714,186078.94205025223,-768380.8281486192,297.2625280988582,719.8242173449477,89.7
166650,-953167.4599088822,185419.8840175268,-767747.5758913553,296.2096778686644,721.0643805252893,89.7
169983,-952674.5135663263,187948.3353094554,-764726.178256871,300.2488980777439,722.1212096462878,89.7
173316,-953259.7566958247,186233.28661935637,-767026.4700764683,297.5090947243167,721.7441796183291,89.7
176649,-952067.5486480994,187670.17005911958,-764397.3785889798,299.8045269703365,721.5667433037103,89.7
179982,-953449.0794561636,186316.67596048128,-767132.4034956823,297.6423098323035,721.116549996754,89.7
183315,-951997.2058052281,185581.62006967337,-766415.5857355547,296.4680524446163,720.9621216035823,89.7
186648,-952262.8955001319,187081.91204236474,-765180.9834577672,298.8647803052478,719.7387840999462,89.7
189981,-953641.0689102774,185469.79076086276,-768171.2781494147,296.2894042715006,717.061176082052,89.7
193314,-953142.9919717908,185020.7523224657,-768122.2396493251,295.57206194388016,720.2724448741552,89.7
196647,-953702.2612857455,186126.49200445763,-767575.7692812879,297.3384895130963,719.962105227582,89.7
199980,-953099.6208210113,186393.91937016067,-766705.7014508506,297.7657067679657,719.0938311805089,89.7
203313,-952580.644620209,186498.55791624315,-766082.0867039659,297.9328676428199,720.6964547089771,89.6
206646,-951563.125449691,185165.77249175904,-766397.3529579319,295.8037327695764,720.5963633124295,89.7
209979,-954767.8198877648,186632.57107484812,-768135.2488129167,298.1469546850531,719.6125246233261,89.7
213312,-951423.4642169615,186981.70839177957,-764441.755825182,298.7047042097504,721.6469980827563,89.7
216645,-952729.306647405,187975.28011438734,-764754.0265330176,300.2919426089786,720.6400217419705,89.6
219978,-953488.3178578047,185741.50173718034,-767746.8161206243,296.72346462697357,720.946762221945,89.7
223311,-952853.98461188,186303.55614735733,-766550.4284645227,297.62135083084723,719.4876286571837,89.7
226644,-952103.8366374429,186382.49346589902,-765721.3431715439,297.7474537988268,719.8834655953299,89.6
229977,-954242.7290059216,186391.3908751596,-767851.3381307621,297.7616674779309,720.6506551682953,89.6
233310,-951790.7369649932,186018.9810362807,-765771.7559287124,297.1667399220545,719.6579924929727,89.7
236643,-951063.3371179653,187488.365968676,-763574.9711492893,299.5140935502594,721.8018230817183,89.7
239976,-952310.3262596307,185800.30845271907,-766510.0178069116,296.8174088032335,718.7932091923832,89.7
243309,-953087.3971084151,186217.6313040118,-766869.7658044033,297.48408523873906,721.5875511991986,89.7
246642,-954373.1522516953,188554.06383056118,-765819.088421134,301.2165540066822,718.000279453732,89.7
249975,-953340.877995952,185582.7485826398,-767758.1294133123,296.469855252681,719.7411753734498,89.7
253308,-953995.6394559145,187150.1993835196,-766845.4400723949,298.9738698531846,719.9104146242742,89.7
256641,-952711.2326231217,185823.7336690295,-766887.4989540922,296.85483076482126,719.829351865548,89.7
259974,-953787.2551389616,185797.24716707028,-767990.0079718913,296.8125183760784,719.5872270175603,89.7
263307,-954604.6519883713,186460.1456656435,-768144.5063227278,297.8715037797336,720.7296907147306,89.7
266640,-954144.1181930806,187087.82487364643,-767056.2933194342,298.874226098284,718.413002768529,89.7
269973,-952846.5867583081,186696.53705689555,-766150.0497014126,298.2491408288813,721.0127125954283,89.7
273306,-952613.7633628584,185935.72867007222,-766678.0346927862,297.0337436325406,720.8171850727563,89.7
276639,-953400.7505733138,185907.128968024,-767493.6216052899,296.98805539055013,720.1002919995061,89.7
279972,-952266.7618004605,186394.01450285426,-765872.7472976062,297.76585874316874,721.0572654922718,89.7
283305,-953901.581829316,186480.38452884462,-767421.1973004714,297.9038355179449,720.6023365992173,89.7
286638,-953449.7104715072,185916.9896838832,-767532.7207876239,297.00380795928726,721.2700342135963,89.7
289971,-952296.22008307,186341.58197130868,-765954.6381117613,297.68209737441776,720.3780653732033,89.7
293304,-953564.6773487497,186341.6027392146,-767223.074609535,297.68213055130576,721.0688450288849,89.7
296637,-953513.440521122,186244.48419248319,-767268.9563286388,297.52698293272744,720.8956848545372,89.7
299970,-952588.1023321021,186030.54485152353,-766557.5574805785,297.18521320503686,720.4626169293415,89.7
303303,-952890.2914541252,186236.83050425706,-766653.4609498682,297.5147561074548,720.2998794987193,89.7
306636,-953613.4212313639,187462.55048881978,-766150.8707425441,299.47285312444023,720.5558621748047,89.7
309969,-952771.2609453816,186368.30933555838,-766402.9516098232,297.7247945425054,722.2247226691136,89.7
313302,-955203.5922051156,186319.64772794352,-768883.9444771721,297.6470572534733,719.5070699550217,89.7
316635,-952934.0010770373,186802.26229026512,-766131.7387867721,298.41803769495874,722.845617444732,89.7
319968,-952794.7056248756,187387.87108259846,-765406.8345422772,299.35355220384344,722.060424190736,89.7
323301,-952778.8366812952,186611.04905953573,-766167.7876217595,298.1125731015647,719.3372102290931,89.7
326634,-953624.9637394873,186468.82540426133,-767156.138335226,297.8853697283269,721.1667059090281,89.7
329967,-953996.5509749837,186677.73751494417,-767318.8134600396,298.21910841733603,719.8200120121376,89.7
333300,-952292.9699135134,187523.40691880742,-764769.562994706,299.5700717351539,720.6861415632476,89.7
336633,-954044.1723724362,186218.05506529397,-767826.1173071421,297.4847622006169,720.9324366789679,89.7
339966,-954241.5440490711,186432.74554051302,-767808.7985085582,297.82773187101157,720.1285349642787,89.7
343299,-954858.9474792453,187631.82143987622,-767227.126039369,299.7432647588268,719.0492887333963,89.7
346632,-954612.1310489466,186577.46112643467,-768034.669922512,298.0589161224502,719.9457344602666,89.7
349965,-954188.170892424,186367.18690148037,-767820.9839909435,297.7230014455113,719.257498360791,89.7
353298,-951036.763483827,188175.46068197803,-762861.302801849,300.6117325913518,721.3999777200723,89.7
356631,-953545.642145114,187917.23001961864,-765628.4121254954,300.19920714016524,721.3480130577145,89.7
359964,-953458.7108507445,185262.77403785352,-768195.9368128909,295.9586934787455,718.7067550280196,89.7
363297,-953869.2151115052,186833.03750220838,-767036.1776092969,298.4672013305869,718.5019035907542,89.7
366630,-953088.9667872759,186015.6532187304,-767073.3135685455,297.1614237081554,720.0365436360805,89.7
369963,-952569.7451271284,185858.9970874703,-766710.7480396582,296.9111643445355,721.2309835635305,89.7
373296,-953837.1303606695,186431.7755245964,-767405.354836073,297.826182263192,718.9561902457315,89.7
376629,-953623.4030261151,186719.04732000225,-766904.3557061129,298.28510114575295,720.2846140739007,89.7
379962,-953277.6441714289,186229.7593209509,-767047.884850478,297.50345983823115,722.3783748050481,89.7
383295,-955107.5110572558,187126.68419996696,-767980.8268572888,298.93630416824175,719.3134158959452,89.7
386628,-955075.8715215884,186264.19171418442,-768811.679807404,297.5584658488432,718.6848691718251,89.7
389961,-953917.7196038114,187536.503906394,-766381.2156974174,299.5909942726402,721.6119258607605,89.7
393294,-954314.6533246245,186179.63612625524,-768135.0171983693,297.42338765269824,718.8849099011426,89.7
396627,-953560.2742353668,186149.8028333059,-767410.4714020609,297.3757287398415,721.261286363161,89.7
399960,-952915.2769221952,187475.9861511686,-765439.2907710266,299.49431669744035,719.5842524510463,89.7
403293,-952535.3081974657,186089.7990228475,-766445.5091746182,297.27987219532395,721.5311073996529,89.7
406626,-953006.9724611444,186066.1224261789,-766940.8500349656,297.2420486516981,720.5488477862743,89.7
409959,-952279.6088084793,186984.52165958128,-765295.087148898,298.70919842650454,721.2839819411942,89.7
413292,-954908.1058423817,186424.6736745342,-768483.4321678475,297.81483700359183,719.9150088262656,89.8
416625,-954967.8480635295,186993.76886244494,-767974.0792010846,298.7239709035555,719.7452645256639,89.7
419958,-951470.2183129871,186774.90861933233,-764695.3096936548,298.37433999717155,721.5091254322156,89.7
423291,-954545.7935296064,186765.14681376787,-767780.6467158386,298.3587454383841,719.5478483940552,89.7
426624,-954523.8052614303,187104.59544462187,-767419.2098168085,298.90101721323174,720.2637860835795,89.7
429957,-952224.0833722167,188074.42425599322,-764149.6591162235,300.4503261308066,723.0754886722196,89.7
433290,-952747.8162658121,187621.94583359885,-765125.8704322133,299.72748840253314,721.221225021414,89.8
436623,-952800.2180360658,186432.92208906414,-766367.2959470017,297.8280139086675,721.4748440803625,89.8
439956,-952127.6369642802,186837.1000486589,-765290.5369156213,298.47369127950367,719.5350911762372,89.7
443289,-955051.2551179994,186529.33179259422,-768521.9233254052,297.98202914482937,721.46975384417,89.7
446622,-953568.938729261,185701.33468387614,-767867.6040453849,296.6592974531927,717.8254229040641,89.8
449955,-953015.7618441451,186463.04686795655,-766552.7149761886,297.8761384725398,720.0303833254161,89.8
453288,-954381.7858398575,187112.8007595453,-767268.9850803122,298.91412526635753,720.0271026025505,89.7
456621,-951909.851621517,186387.90869554388,-765521.9429259731,297.7561046694559,722.0747242978124,89.7
459954,-954380.4405631972,185931.27897532476,-768449.1615878725,297.02663521126885,719.7326280368252,89.7
463287,-953719.4305867897,186354.93115256767,-767364.499434222,297.7034227932179,721.4456682214599,89.7
466620,-953826.3769805161,187111.5449015177,-766714.8320789984,298.9121190235871,719.6047279393173,89.7
469953,-952375.5829814197,186304.52018828524,-766071.0627931345,297.6228908935769,720.3284047398585,89.7
473286,-953903.8822052646,187422.09456346685,-766481.7876417978,299.40822447535993,722.8275493367042,89.8
476619,-952690.477228106,188253.6549571623,-764436.8222709437,300.73664854190497,721.9887140686299,89.7
479952,-951311.696637203,187376.19385810895,-763935.502779094,299.3348977487251,720.7578223640285,89.7
483285,-953130.9833406582,186137.78373028524,-766993.199610373,297.3565281311642,722.1253662139749,89.8
486618,-954842.3954979628,186755.27584096947,-768087.1196569933,298.34297648410853,721.3132489745675,89.8
489951,-953713.0128946872,186781.79169949656,-766931.2211951907,298.38533577019234,722.9128918449574,89.7
493284,-954488.9403617615,187161.94276810135,-767326.9975936601,298.9926299995545,720.9985093445123,89.8
496617,-953046.5923665669,186097.65933098493,-766948.933035582,297.29242909747967,721.5264162738406,89.8
499950,-953401.0677125882,186002.87441998988,-767398.1932925984,297.1410094797757,720.2620826385746,89.7
503283,-952194.0089719826,186438.14158041438,-765755.8673915683,297.8363520858792,721.7095252350503,89.8
506616,-951858.4639875554,186067.82097044517,-765790.6430171102,297.2447620891087,721.3724611451254,89.8
509949,-953062.9133417048,186901.34735602327,-766161.5659856815,298.57632684266974,722.1006135706975,89.8
513282,-954920.6272649616,186883.62034093012,-768037.0069240315,298.54800780095457,718.8203237170113,89.8
516615,-952758.249923801,186507.35590719437,-766250.8940166067,297.9469225004171,722.4670438120214,89.8
519948,-953278.0437011216,186644.96153991285,-766633.0821612087,298.1667485474262,722.1858298895268,89.8
523281,-953006.0240165703,184776.58650964356,-768229.4375069267,295.18200519702253,722.4981410019104,89.8
526614,-953385.186043608,186922.19841357402,-766462.987630034,298.6096365660204,720.3827238366424,89.8
529947,-952561.116303049,187380.22916142945,-765180.8871416196,299.3413441765341,722.0727056028886,89.8
533280,-952590.0644299826,187584.33043429407,-765005.7339956885,299.6673975154635,722.9402450292845,89.8
536613,-954155.6769349659,185782.895255376,-768372.7816795899,296.7895910877658,720.7262733582824,89.8
539946,-951121.7908651577,186868.77007848278,-764253.0207866749,298.52428439351587,720.9847316227737,89.8
543279,-951557.659899354,187300.7205003334,-764256.9393990205,299.2143284844695,721.9292411411336,89.8
546612,-950881.5471806135,186588.91895766006,-764292.6282229534,298.077220095157,724.012385982079,89.7
549945,-953870.1729028439,186474.7525510331,-767395.4203518108,297.8948383904678,720.3845222293253,89.7
553278,-953650.2059106557,185875.82555115083,-767774.3803595048,296.93804794352087,721.6138062523682,89.8
556611,-951000.8439107109,185608.18343953323,-765392.6604711777,296.5104876304163,718.7226849091152,89.8
559944,-952243.2413824145,186213.26791608907,-766029.9734663254,297.47711469327754,722.8125065484012,89.7
563277,-954423.854572475,186540.15673962474,-767883.6978328503,297.9993220802114,719.8126884206735,89.8
566610,-952478.5848000078,186163.55208372796,-766315.0327162798,297.3976932721787,721.0129810690801,89.8
569943,-950590.49009756,187063.08587754722,-763527.4042200127,298.83470536347085,721.1630908195194,89.8
573276,-953829.586810857,186322.37217911182,-767507.2146317452,297.65140958497864,719.0302914391802,89.8
576609,-953277.3092691414,187132.32600560272,-766144.9832635387,298.9453169957431,720.9479394725792,89.8
579942,-952387.583119723,187507.1345640279,-764880.4485556951,299.5440765243762,721.9397941881135,89.8
583275,-954959.695625809,186115.45091107965,-768844.2447147294,297.3208512822769,721.5808891511509,89.8
586608,-952830.1099625034,185986.8404297193,-766843.2695327841,297.11539505811766,720.495795470337,89.8
589941,-953436.61859864,186446.56880980433,-766990.0497888357,297.84981464905644,719.8790976112499,89.8
593274,-953648.4309625318,186485.12658541132,-767163.3043771205,297.9114109894511,720.7942211627258,89.8
596607,-954438.2299814858,186949.2732163336,-767488.9567651522,298.6528887697755,717.3106152321379,89.8
599940,-951453.5750179868,186379.43444085872,-765074.1405771282,297.74256698301105,722.1815225425282,89.8
603273,-952570.0523493178,186354.75931514765,-766215.2930341702,297.70314828162975,722.94191010078,89.8
606606,-951265.9544121092,186318.39638380875,-764947.5580283005,297.6450582216811,719.6624386080596,89.8
609939,-953951.4827670548,185254.5310561651,-768696.9517108897,295.9455252526755,719.7268626654072,89.8
613272,-952853.3885673303,186384.62796340592,-766468.7606039244,297.7508636748619,722.104020290386,89.8
616605,-952271.8340314152,187475.95324057597,-764795.8807908392,299.49426412251785,720.3624714345499,89.8
619938,-953047.0864523035,185799.62283809145,-767247.463614212,296.8163135286406,720.3279298016896,89.8
623271,-953358.0408820091,185707.639876222,-767650.4010057871,296.6693700460194,720.607943931417,89.8
626604,-954270.9884086251,185725.01677589084,-768545.9716327343,296.6971297756759,720.6836082784887,89.8
629937,-955243.241369145,187131.81213407952,-768111.4292350655,298.94449608206844,719.2819912825512,89.8
633270,-953401.0389920333,186760.22649541614,-766640.8124966172,298.3508851923178,722.2552550730669,89.8
636603,-955553.3720727162,187909.9712770455,-767643.4007956707,300.1876112435832,720.2204455844337,89.8
639936,-952356.9352834402,187147.17716903993,-765209.7581144002,298.96904184252,720.3828278699349,89.8
643269,-953255.2014823845,186189.4982421855,-767065.703240199,297.4391424580595,720.9284467569852,89.8
646602,-953235.0461498396,187182.43148438272,-766052.6146654569,299.0253608799658,719.1040139632861,89.8
649935,-952705.1475635152,186685.32523366198,-766019.8223298532,298.2312298558164,721.1414946420484,89.8
653268,-951712.9077264518,186462.2870802895,-765250.6206461622,297.87492470595106,718.9865397316872,89.8
656601,-951634.6724666022,187101.86283343012,-764532.8096331721,298.8966518460267,721.927513853559,89.8
659934,-954352.262603241,187438.10493276842,-766914.1576704726,299.43380116233993,719.4155567174112,89.8
663267,-953398.0101262527,186680.982730415,-766717.0273958377,298.2242926737836,721.0917747206238,89.8
666600,-954816.1440204764,186317.53015812964,-768498.6138623467,297.6436744195569,717.7295966735833,89.8
