#"Step","Potential Energy (kJ/mole)","Kinetic Energy (kJ/mole)","Total Energy (kJ/mole)","Temperature (K)","Box Volume (nm^3)","Speed (ns/day)"
3333,-2030991.2616381105,382047.8522860839,-1648943.4093520266,298.2348889870862,1521.791043792879,0
6666,-2031624.2666251156,381390.18669596605,-1650234.0799291497,297.72150087853964,1519.1296609446795,36.2
9999,-2030545.221831102,380641.3283190082,-1649903.8935120937,297.13692569094815,1520.4658080697277,36.6
13332,-2033722.1532056294,381806.59545361425,-1651915.557752015,298.04655863993617,1518.5226940823918,37.3
16665,-2032582.8631610237,382389.2083728231,-1650193.6547882007,298.5013589960774,1518.489919179071,37.3
19998,-2033385.3184946552,383291.61437565973,-1650093.7041189955,299.20579681052095,1522.0957512225993,37.3
23331,-2031968.7457201667,381009.4724333721,-1650959.2732867945,297.4243070187624,1517.5722022141458,37.4
26664,-2033473.4388449583,382310.1433972138,-1651163.2954477444,298.4396391510828,1520.2753604188258,37.5
29997,-2032223.878082456,380757.7223138788,-1651466.1557685772,297.22778538281995,1519.8937934535106,37.5
33330,-2035518.4867033176,380582.26650518633,-1654936.2201981312,297.0908207504724,1517.76852360801,37.5
36663,-2033446.7274133638,381780.5851973244,-1651666.1422160394,298.02625446638643,1520.1519846639853,37.5
39996,-2034073.1632399391,384419.30797150836,-1649653.855268431,300.0860990353782,1517.9749490660752,37.5
43329,-2034343.7883974183,382423.4097724302,-1651920.3786249883,298.52805735481434,1519.4387869288328,37.5
46662,-2030246.4571433906,381555.1325874962,-1648691.3245558944,297.85026124024574,1521.4469098626773,37.5
49995,-2027031.2155762166,381011.15203476016,-1646020.0635414564,297.4256181522514,1523.7605636372155,37.5
53328,-2029848.6043759529,383553.93795531814,-1646294.6664206348,299.4105723201593,1520.718993702226,37.6
56661,-2032457.1537716798,383527.52886692795,-1648929.6249047518,299.3899568095703,1522.7492392955687,37.6
59994,-2033729.7107120622,381541.54663368553,-1652188.1640783767,297.83965574828375,1521.7206411435172,37.6
63327,-2033827.7295105718,382982.885574389,-1650844.8439361828,298.96479637242624,1519.9170288951468,37.6
66660,-2032435.3566542063,381567.2908684178,-1650868.0657857885,297.85975225960163,1519.2718411124388,37.6
69993,-2031873.9552524667,380940.78710043855,-1650933.1681520282,297.37068974930287,1521.8390805134286,37.6
73326,-2033239.507762136,381067.059781129,-1652172.447981007,297.46926095885806,1519.0919884841167,37.6
76659,-2033081.0739728455,381051.4097158185,-1652029.664257027,297.4570441764247,1520.8803300996108,37.6
79992,-2031936.6989016626,381862.98063957266,-1650073.7182620899,298.09057414630325,1523.6060140436991,37.6
83325,-2034271.5363762733,382738.8897790994,-1651532.646597174,298.7743279311405,1517.2930685561057,37.5
86658,-2034088.5703471117,381427.30099143414,-1652661.2693556775,297.7504731073391,1521.0375067165473,37.6
89991,-2033789.3826827686,381647.4049202744,-1652141.9777624942,297.9222910364035,1518.877222471517,37.6
93324,-2031162.4466069061,380569.18104809703,-1650593.265558809,297.080605957171,1520.8219805974259,37.6
96657,-2034122.8386851922,382490.9074163515,-1651631.9312688406,298.5807474883181,1517.791607751911,37.6
99990,-2031268.522846369,382114.67993548274,-1649153.8429108863,298.2870561082478,1519.3240042373138,37.6
103323,-2032757.447322147,382634.79038190603,-1650122.6569402409,298.69306567045817,1520.5870340113993,37.6
106656,-2031800.9871909264,380584.5266516879,-1651216.4605392385,297.09258507014323,1521.4422011487911,37.6
109989,-2028971.9777088873,381085.63642894424,-1647886.341279943,297.48376229544664,1524.0337815215012,37.6
113322,-2031782.6805416904,381570.1072759213,-1650212.573265769,297.86195080874705,1520.550528514695,37.6
116655,-2033732.9172134232,381339.70435479016,-1652393.2128586331,297.6820932615977,1519.6531276039207,37.6
119988,-2031224.9290467557,382163.006620058,-1649061.9224266978,298.3247809726154,1519.6512775830868,37.6
123321,-2033263.8457669467,381166.574850476,-1652097.2709164708,297.54694459320297,1520.211692791343,37.6
126654,-2030768.2387520634,381082.01751257246,-1649686.221239491,297.4809372903696,1521.324434370241,37.6
129987,-2033418.8419483993,381687.19831808814,-1651731.6436303111,297.9533546309464,1519.6648946291589,37.6
133320,-2030993.4713293537,382127.53593976016,-1648865.9353895937,298.29709178567816,1522.9348790023153,37.6
136653,-2031836.8569975384,383867.24540178326,-1647969.611595755,299.6551469485893,1520.522909316657,37.6
139986,-2032030.0437280852,381319.57452889916,-1650710.4691991862,297.6663794803161,1521.2766509846795,37.6
143319,-2033991.0511237457,380935.3756585798,-1653055.6754651659,297.36646545972144,1520.8839081084404,37.6
146652,-2033938.6480377596,382786.853268895,-1651151.7947688645,298.8117692777389,1517.5874322390107,37.6
149985,-2031253.425854152,381256.48396813107,-1649996.941886021,297.6171296120752,1521.1384571130768,37.6
153318,-2034221.820361387,382703.9055548105,-1651517.9148065764,298.7470184823772,1518.1064452087967,37.6
156651,-2032684.6827177275,381424.7825948619,-1651259.9001228656,297.7485071920286,1522.7446954251916,37.6
159984,-2030298.0993446093,381843.41472882987,-1648454.6846157794,298.07530056948985,1519.3120497759116,37.6
163317,-2034088.5763954688,382122.5997247992,-1651965.9766706696,298.29323846858165,1519.940975603193,37.6
166650,-2032563.9506231472,381402.58012791775,-1651161.3704952295,297.7311754619202,1517.2285089472755,37.6
169983,-2032245.613364758,384574.8851145487,-1647670.7282502092,300.2075459476064,1518.0607316354315,37.6
173316,-2030599.6306778826,383388.554549386,-1647211.0761284966,299.2814704251655,1519.307153346328,37.6
176649,-2033955.3368675895,383034.59118342906,-1650920.7456841604,299.0051588989522,1520.6043239053072,37.6
179982,-2033207.5402411744,382378.8438426529,-1650828.6963985215,298.493268217694,1515.4245127939093,37.6
183315,-2033827.164211629,381665.6194662289,-1652161.5447454,297.9365097083792,1520.0054435753502,37.6
186648,-2031820.4784658384,382384.30345162924,-1649436.175014209,298.49753010757826,1519.0184565614559,37.6
189981,-2031320.8113974296,381212.9687456978,-1650107.8426517318,297.5831606800318,1518.4979995583021,37.6
193314,-2033453.7568375077,383222.9360554067,-1650230.820782101,299.15218501531274,1518.7407089084295,37.6
196647,-2030720.4274869952,380198.897539209,-1650521.5299477861,296.79155457131395,1518.4018325781717,37.6
199980,-2033851.0067186933,380561.5921070148,-1653289.4146116786,297.0746818641872,1519.0140432116539,37.6
203313,-2031774.248770371,380893.49585917254,-1650880.7529111984,297.3337731745737,1521.7146749295614,37.6
206646,-2032570.4366564378,381792.93066279497,-1650777.5059936428,298.0358916060852,1519.7282615995325,37.6
209979,-2033037.3085892797,382023.9575662078,-1651013.351023072,298.21623624741767,1522.0188871950497,37.6
213312,-2030593.8545349203,380720.5456357596,-1649873.3088991607,297.19876445676204,1521.6197184966286,37.6
216645,-2032927.038508905,382390.426835258,-1650536.611673647,298.5023101544385,1520.807590663709,37.6
219978,-2033833.8134645987,382269.13595373224,-1651564.6775108664,298.40762784600366,1518.8099457744026,37.6
223311,-2033103.8654985614,380833.680419512,-1652270.1850790493,297.2870799373257,1514.4417555182056,37.6
226644,-2033567.8911482561,381380.48979465227,-1652187.401353604,297.71393126580784,1521.9275316115943,37.7
229977,-2034542.160642298,383293.3969330601,-1651248.7637092378,299.20718831371937,1520.0060018634574,37.6
233310,-2034580.673356995,382899.86711868236,-1651680.8062383127,298.89999035461096,1518.9880133327142,37.7
236643,-2035877.3499979302,382911.13665369974,-1652966.2133442305,298.9087875995234,1516.8546788684134,37.7
239976,-2033922.3676162325,381567.9068866557,-1652354.4607295766,297.8602331368784,1518.02106625668,37.7
243309,-2032781.448859902,384286.49195878464,-1648494.9569011175,299.98241995807587,1519.4918571058565,37.7
246642,-2032830.7746587712,381493.25266288174,-1651337.5219958895,297.80195642099994,1518.8160059712786,37.7
249975,-2032834.2870766781,382735.50602000754,-1650098.7810566705,298.77168649496673,1521.003562210123,37.7
253308,-2032161.6837066337,381411.1735199934,-1650750.5101866403,297.73788365126444,1519.6114651966811,37.7
256641,-2029888.2836771347,382541.0532174464,-1647347.2304596882,298.61989239473024,1521.0040946401714,37.7
259974,-2032671.2611698117,383643.2179640587,-1649028.043205753,299.48026624288696,1519.208633502196,37.7
263307,-2030730.985244602,382058.4471926622,-1648672.5380519398,298.2431596023202,1519.798845584437,37.7
266640,-2034625.6806438118,381643.98463238805,-1652981.6960114238,297.91962108505584,1521.1768692459732,37.7
269973,-2032958.7033473551,383527.7605211011,-1649430.942826254,299.3901376438721,1517.6567694273494,37.7
273306,-2033218.6764279455,381748.220993825,-1651470.4554341205,298.00099026301496,1521.020891989782,37.7
276639,-2032582.21819886,380397.3128359247,-1652184.9053629353,296.9464418809409,1521.1709861320173,37.7
279972,-2030816.530464461,381615.6459893311,-1649200.88447513,297.8974993219951,1522.5331598941664,37.7
283305,-2034680.2581666764,381521.9313449536,-1653158.3268217228,297.8243436259346,1519.5216643428641,37.7
286638,-2033620.8328781389,382578.5045287,-1651042.328349439,298.64912770540485,1516.0789188139756,37.7
289971,-2034369.4075955525,381342.4044785842,-1653027.0031169683,297.68420103714243,1520.1237970051657,37.7
293304,-2032740.5284153223,381500.9787288332,-1651239.5496864892,297.8079875566484,1518.4641232964354,37.7
296637,-2031206.3322025407,382520.92832195887,-1648685.4038805817,298.6041824622291,1518.728940574625,37.7
299970,-2031056.7505451906,381516.229088653,-1649540.5214565378,297.81989232025495,1520.6178365695305,37.7
303303,-2031016.968633419,382797.6918134849,-1648219.2768199341,298.8202300821203,1519.5669234900313,37.7
306636,-2031853.4491901193,380844.2869463844,-1651009.1622437348,297.29535962361473,1517.7743739066327,37.7
309969,-2031958.661635235,381665.38669380016,-1650293.2749414349,297.9363280011427,1521.2581781964207,37.7
313302,-2032415.8131514043,383376.59864034463,-1649039.2145110597,299.2721373817145,1520.373267779722,37.7
316635,-2033309.6686512083,382494.4634700719,-1650815.2051811363,298.583523421438,1521.3354181372222,37.7
319968,-2034247.9796896856,382980.6097469958,-1651267.3699426898,298.96301981190925,1520.8168004938389,37.7
323301,-2032087.5031706113,382360.3815609415,-1649727.1216096699,298.4788561577813,1519.4833680186725,37.7
326634,-2032411.813673189,381828.11180391535,-1650583.7018692736,298.0633547724234,1520.3731861264591,37.7
329967,-2035748.8992552105,381552.35849102185,-1654196.5407641886,297.8480957200128,1515.8352211859203,37.7
333300,-2030282.1934644692,380509.0289892888,-1649773.1644751804,297.0336499476719,1522.2722247855597,37.7
336633,-2030978.8763561267,383329.14261647494,-1647649.7337396517,299.2350921740898,1517.0063530881882,37.7
339966,-2032197.790963415,381111.7275565468,-1651086.0634068684,297.5041295989075,1519.5946977755232,37.7
343299,-2031668.6576498803,382413.1266869321,-1649255.5309629482,298.5200301539189,1520.6323784068384,37.7
346632,-2034798.72918858,381036.689129688,-1653762.040058892,297.44555296571855,1518.9792923115735,37.7
349965,-2032023.2347904611,384056.71028729004,-1647966.524503171,299.8030473719472,1518.7441516138567,37.7
353298,-2033385.7515621614,383683.8480067408,-1649701.9035554207,299.511982940668,1519.2882631372245,37.7
356631,-2035188.6321615782,381668.556653682,-1653520.075507896,297.9388025409885,1521.1061406138606,37.7
359964,-2030848.2190231178,382591.85672299506,-1648256.3623001226,298.65955071958876,1520.9359146360516,37.7
363297,-2033100.2632673196,381218.49588186044,-1651881.7673854593,297.587475283111,1519.6771959194823,37.7
366630,-2032983.3073479105,382661.5231322281,-1650321.7842156824,298.7139338386128,1524.3751312822808,37.7
369963,-2033608.146832101,381553.3207765005,-1652054.8260556005,297.8488469010525,1519.773578569477,37.7
373296,-2031539.887534311,381932.28177944577,-1649607.6057548653,298.14467212809546,1522.6340636369735,37.7
376629,-2034288.2279853113,383375.05388640496,-1650913.1740989063,299.27093151308594,1518.5890770631681,37.7
379962,-2033916.7375849467,381801.1094371322,-1652115.6281478144,298.0422761357768,1522.26530322432,37.7
383295,-2031559.2262249906,381945.41627902444,-1649613.8099459661,298.15492520503415,1518.2771736729912,37.7
386628,-2034089.3058595918,381901.74634786055,-1652187.5595117314,298.12083550398023,1519.9832883855145,37.7
389961,-2029505.1199158747,382680.31345103274,-1646824.806464842,298.7286019714375,1522.205326299065,37.7
393294,-2034789.7728490178,380770.6448973702,-1654019.1279516476,297.2378730334373,1518.5040170826362,37.7
396627,-2032902.6331668552,381481.31310975336,-1651421.3200571018,297.7926361453316,1518.447772234462,37.7
399960,-2031576.8753493633,383645.29227137775,-1647931.5830779856,299.4818854924373,1520.5983001546801,37.7
403293,-2032628.032076735,381576.37022812583,-1651051.6618486093,297.86683980588253,1519.8697107425978,37.7
406626,-2033655.2940592878,381164.9321077151,-1652490.3619515726,297.5456622323626,1520.6892975748133,37.7
409959,-2033048.0482687652,383113.40733663354,-1649934.6409321316,299.06668450774873,1518.1488988105134,37.7
413292,-2032654.893741969,382568.0661917307,-1650086.8275502385,298.6409793118237,1519.187919576301,37.7
416625,-2035008.6642242614,382732.63833486266,-1652276.0258893988,298.7694479173757,1518.5990315765573,37.7
419958,-2029660.0417616703,382164.4042907162,-1647495.637470954,298.32587202482546,1521.1986259560144,37.7
423291,-2033990.4202790353,382961.00770497066,-1651029.4125740647,298.94771803022854,1520.0435986406872,37.7
426624,-2035410.713249268,380892.2208045267,-1654518.4924447413,297.3327778390981,1516.2531591897002,37.7
429957,-2033953.151572466,383503.08462251606,-1650450.0669499498,299.3708750990596,1519.0695221098924,37.7
433290,-2035247.2605003715,381898.09116419783,-1653349.1693361737,298.1179821878646,1521.1643595247679,37.7
436623,-2033520.3705993034,381943.26980833116,-1651577.1007909724,298.1532496231795,1517.3968401769312,37.7
439956,-2035973.7635251433,382355.4760768182,-1653618.2874483252,298.4750268298472,1520.6158047090285,37.7
443289,-2033353.7830440737,381007.56089139055,-1652346.2221526832,297.42281482738576,1520.2215061589907,37.7
446622,-2032156.7492725793,380841.0870315796,-1651315.6622409998,297.29286170030264,1517.337816359297,37.7
449955,-2033548.4923753869,381100.90510177484,-1652447.5872736122,297.49568135458895,1522.3037721672838,37.7
453288,-2032887.5649114214,382360.67997307976,-1650526.8849383416,298.4790891048072,1520.9600495362342,37.7
456621,-2034503.6898017023,381532.03427196573,-1652971.6555297365,297.83223019118526,1520.9404908420347,37.7
459954,-2031175.994211994,381300.06483820896,-1649875.9293737852,297.65114979010224,1520.9711217853928,37.7
463287,-2033893.916092055,381307.63489917817,-1652586.2811928769,297.6570591448579,1518.481656650119,37.7
466620,-2030573.7862660307,381906.7519055706,-1648667.03436046,298.12474295153964,1518.1117648504012,37.7
469953,-2034182.5628109127,382832.22386670334,-1651350.3389442093,298.8471865562805,1519.1615039768858,37.7
473286,-2030140.8722431827,382896.04548468476,-1647244.8267584979,298.8970071037323,1516.695465823493,37.7
476619,-2031502.818148695,381922.9595664299,-1649579.858582265,298.13739500522394,1521.0770083144866,37.7
479952,-2033109.1086554173,382295.4601455454,-1650813.648509872,298.4281770844724,1520.4052696648628,37.7
483285,-2032803.715260744,381909.4082242529,-1650894.307036491,298.1268165318584,1516.7977859381099,37.7
486618,-2032038.039341744,383195.5394221589,-1648842.4999195852,299.13079860566177,1520.4943695163065,37.7
489951,-2034425.0484836176,381506.6194621043,-1652918.4290215133,297.8123908361089,1519.7889569649253,37.7
493284,-2031224.0110852327,381353.79017514584,-1649870.2209100868,297.6930889602907,1519.7166243399404,37.7
496617,-2029462.6250083502,380336.72660476423,-1649125.898403586,296.899146947031,1523.5390524468426,37.7
499950,-2033620.6562185436,380290.044833405,-1653330.6113851387,296.86270613780846,1522.5918937516549,37.7
503283,-2035544.9295427352,382162.8475310958,-1653382.0820116394,298.3246567843005,1519.807555734562,37.7
506616,-2033558.950674612,382908.6008099444,-1650650.3498646677,298.9068080645611,1518.3982134022276,37.7
509949,-2032591.5121454187,382790.35350689385,-1649801.1586385248,298.8145016398887,1522.2222319616528,37.7
513282,-2033063.3546393104,381428.4992756837,-1651634.8553636267,297.7514085141684,1520.9146768863998,37.7
516615,-2031613.0047194883,381233.0716548144,-1650379.933064674,297.598853449492,1521.4394542821608,37.7
519948,-2033672.1793521326,380594.47681890544,-1653077.7025332272,297.10035238776527,1517.816457299244,37.7
523281,-2034415.8049731161,381651.88841028593,-1652763.91656283,297.92579094652694,1518.4209551095448,37.7
526614,-2032553.5756149516,383829.76651128405,-1648723.8091036675,299.6258901089539,1519.784714505472,37.7
529947,-2033263.2307835873,381915.7582022255,-1651347.472581362,298.13177346320714,1518.588640193291,37.7
533280,-2033054.2850248236,381816.3555915513,-1651237.9294332722,298.0541776165558,1521.0821966273502,37.7
536613,-2029945.1116623357,381838.13738203084,-1648106.9742803047,298.0711809574377,1519.8572648844552,37.7
539946,-2035311.3887111004,381996.9642401417,-1653314.4244709588,298.195164668152,1518.8762809647592,37.7
543279,-2032860.1529119182,381965.5715404315,-1650894.5813714867,298.17065884183455,1519.5381172032685,37.7
546612,-2034776.5774392951,381853.5826234914,-1652922.9948158036,298.083237849905,1517.2866687148748,37.7
549945,-2034902.9088210408,380656.889134861,-1654246.0196861797,297.1490728033076,1519.7326138284868,37.7
553278,-2034177.5844449122,383513.87503093807,-1650663.709413974,299.3792983272982,1521.4269607913209,37.7
556611,-2034543.120135907,382163.857576675,-1652379.262559232,298.3254452479168,1520.1687676204126,37.7
559944,-2030841.7856797278,383056.86019116745,-1647784.9254885605,299.0225425722564,1518.8142848545972,37.7
563277,-2032660.1227502208,379955.76958803576,-1652704.353162185,296.60176358808,1519.0740247326585,37.7
566610,-2032986.083862083,383410.01433207333,-1649576.0695300098,299.29822239973913,1520.1744425406357,37.7
569943,-2031103.8342235144,381377.2471173256,-1649726.5871061888,297.71139996113817,1518.1822971648653,37.7
573276,-2032066.145761354,382829.59617343533,-1649236.5495879184,298.8451353215847,1517.743718519275,37.7
576609,-2033119.7345064823,381585.4384667102,-1651534.296039772,297.8739186707717,1521.7169110036978,37.7
579942,-2031918.4021979086,384026.3219681821,-1647892.0802297266,299.77932558704134,1519.8900220584887,37.7
583275,-2034270.348421799,382316.7130932499,-1651953.6353285492,298.44476759914573,1520.054838658325,37.7
586608,-2031632.4368506186,381269.23563162977,-1650363.2012189887,297.62708383881716,1521.9203651340767,37.7
589941,-2034133.111540122,381860.7088273841,-1652272.402712738,298.0888007201427,1518.4511480039175,37.7
593274,-2034327.2523871195,382086.87545596936,-1652240.37693115,298.2653513249035,1520.9306897159463,37.7
596607,-2033678.6053627003,382243.49486503436,-1651435.110497666,298.3876118527307,1521.0320224206566,37.7
599940,-2033220.4804743454,381511.8415909587,-1651708.6388833867,297.8164673438287,1521.1299011388485,37.7
603273,-2034001.7515457887,381821.9995434425,-1652179.7520023463,298.0585834085415,1519.288265695605,37.7
606606,-2032715.075008398,380219.9531289307,-1652495.1218794673,296.8079910240401,1518.6129603693566,37.7
609939,-2031501.0809964985,382538.811458133,-1648962.2695383655,298.61814242849965,1520.0184595737398,37.7
613272,-2033772.1220936235,382455.5367931797,-1651316.5853004437,298.55313640815643,1519.2303642671463,37.7
616605,-2033880.8506661616,382519.4280994317,-1651361.42256673,298.6030113557927,1518.179731499401,37.7
619938,-2033324.3873921353,381366.5195548625,-1651957.8678372728,297.7030257918263,1521.5362004265517,37.7
623271,-2030792.5028276872,383545.3167401975,-1647247.1860874896,299.4038424115391,1522.772934505325,37.7
626604,-2032651.2602116615,381708.21194389294,-1650943.0482677685,297.96975832572343,1518.0378220247337,37.7
629937,-2033081.456146296,382427.38867480255,-1650654.0674714935,298.5311633728177,1520.0379882916382,37.7
633270,-2033838.3994811345,382627.55597293866,-1651210.8435081958,298.6874183329784,1517.9380975399033,37.7
636603,-2033633.509243641,382000.1768513504,-1651633.3323922907,298.1976725025541,1517.2193734955085,37.7
639936,-2034746.3389066681,382097.17695221986,-1652649.1619544483,298.273392897634,1517.0900901239909,37.7
643269,-2034960.8857943453,382289.8900923989,-1652670.9957019463,298.4238289794592,1519.5798731920415,37.7
646602,-2034503.6382050738,382390.0278365711,-1652113.6103685028,298.5019986873581,1520.2441675683685,37.7
649935,-2030735.7673715055,382091.34103118256,-1648644.426340323,298.2688372503445,1522.182195937606,37.7
653268,-2034915.6839172859,381253.95120543014,-1653661.7327118558,297.61515248225123,1516.0242971781643,37.7
656601,-2031840.264171129,383341.95876944903,-1648498.30540168,299.24509674272326,1521.5555128164983,37.7
659934,-2031864.2468988094,381582.6427980119,-1650281.6041007976,297.8717363107901,1520.6184073689556,37.7
663267,-2031489.697701551,384345.7238662311,-1647143.97383532,300.028657677346,1521.3308663588734,37.7
666600,-2032805.61375051,382642.7537186608,-1650162.8600318492,298.69928202487245,1518.0606714533114,37.7
